<?xml version="1.0" encoding="UTF-8"?>
<!-- Generated by org.testng.reporters.JUnitXMLReporter -->
<testsuite ignored="0" hostname="nd-Lenovo-V130-14IKB" failures="1" tests="1" name="LoginTest_Chrome" time="5.946" errors="0" timestamp="2024-12-23T17:09:51 IST">
  <testcase classname="testPackage.TC_003_ArticelsPage" name="validateArticels" time="0.137">
    <failure type="java.lang.StackOverflowError">
      <![CDATA[java.lang.StackOverflowError
at utils.TestContext.getLogger(TestContext.java:76)
at utils.TestContext.getLogger(TestContext.java:76)
at utils.TestContext.getLogger(TestContext.java:76)
at utils.TestContext.getLogger(TestContext.java:76)
at utils.TestContext.getLogger(TestContext.java:76)
at utils.TestContext.getLogger(TestContext.java:76)
at utils.TestContext.getLogger(TestContext.java:76)
at utils.TestContext.getLogger(TestContext.java:76)
at utils.TestContext.getLogger(TestContext.java:76)
at utils.TestContext.getLogger(TestContext.java:76)
at utils.TestContext.getLogger(TestContext.java:76)
at utils.TestContext.getLogger(TestContext.java:76)
at utils.TestContext.getLogger(TestContext.java:76)
at utils.TestContext.getLogger(TestContext.java:76)
at utils.TestContext.getLogger(TestContext.java:76)
at utils.TestContext.getLogger(TestContext.java:76)
at utils.TestContext.getLogger(TestContext.java:76)
at utils.TestContext.getLogger(TestContext.java:76)
at utils.TestContext.getLogger(TestContext.java:76)
at utils.TestContext.getLogger(TestContext.java:76)
at utils.TestContext.getLogger(TestContext.java:76)
at utils.TestContext.getLogger(TestContext.java:76)
at utils.TestContext.getLogger(TestContext.java:76)
at utils.TestContext.getLogger(TestContext.java:76)
at utils.TestContext.getLogger(TestContext.java:76)
at utils.TestContext.getLogger(TestContext.java:76)
at utils.TestContext.getLogger(TestContext.java:76)
at utils.TestContext.getLogger(TestContext.java:76)
at utils.TestContext.getLogger(TestContext.java:76)
at utils.TestContext.getLogger(TestContext.java:76)
at utils.TestContext.getLogger(TestContext.java:76)
at utils.TestContext.getLogger(TestContext.java:76)
at utils.TestContext.getLogger(TestContext.java:76)
at utils.TestContext.getLogger(TestContext.java:76)
at utils.TestContext.getLogger(TestContext.java:76)
at utils.TestContext.getLogger(TestContext.java:76)
at utils.TestContext.getLogger(TestContext.java:76)
at utils.TestContext.getLogger(TestContext.java:76)
at utils.TestContext.getLogger(TestContext.java:76)
at utils.TestContext.getLogger(TestContext.java:76)
at utils.TestContext.getLogger(TestContext.java:76)
at utils.TestContext.getLogger(TestContext.java:76)
at utils.TestContext.getLogger(TestContext.java:76)
at utils.TestContext.getLogger(TestContext.java:76)
at utils.TestContext.getLogger(TestContext.java:76)
at utils.TestContext.getLogger(TestContext.java:76)
at utils.TestContext.getLogger(TestContext.java:76)
at utils.TestContext.getLogger(TestContext.java:76)
at utils.TestContext.getLogger(TestContext.java:76)
at utils.TestContext.getLogger(TestContext.java:76)
at utils.TestContext.getLogger(TestContext.java:76)
at utils.TestContext.getLogger(TestContext.java:76)
at utils.TestContext.getLogger(TestContext.java:76)
at utils.TestContext.getLogger(TestContext.java:76)
at utils.TestContext.getLogger(TestContext.java:76)
at utils.TestContext.getLogger(TestContext.java:76)
at utils.TestContext.getLogger(TestContext.java:76)
at utils.TestContext.getLogger(TestContext.java:76)
at utils.TestContext.getLogger(TestContext.java:76)
at utils.TestContext.getLogger(TestContext.java:76)
at utils.TestContext.getLogger(TestContext.java:76)
at utils.TestContext.getLogger(TestContext.java:76)
at utils.TestContext.getLogger(TestContext.java:76)
at utils.TestContext.getLogger(TestContext.java:76)
at utils.TestContext.getLogger(TestContext.java:76)
at utils.TestContext.getLogger(TestContext.java:76)
at utils.TestContext.getLogger(TestContext.java:76)
at utils.TestContext.getLogger(TestContext.java:76)
at utils.TestContext.getLogger(TestContext.java:76)
at utils.TestContext.getLogger(TestContext.java:76)
at utils.TestContext.getLogger(TestContext.java:76)
at utils.TestContext.getLogger(TestContext.java:76)
at utils.TestContext.getLogger(TestContext.java:76)
at utils.TestContext.getLogger(TestContext.java:76)
at utils.TestContext.getLogger(TestContext.java:76)
at utils.TestContext.getLogger(TestContext.java:76)
at utils.TestContext.getLogger(TestContext.java:76)
at utils.TestContext.getLogger(TestContext.java:76)
at utils.TestContext.getLogger(TestContext.java:76)
at utils.TestContext.getLogger(TestContext.java:76)
at utils.TestContext.getLogger(TestContext.java:76)
at utils.TestContext.getLogger(TestContext.java:76)
at utils.TestContext.getLogger(TestContext.java:76)
at utils.TestContext.getLogger(TestContext.java:76)
at utils.TestContext.getLogger(TestContext.java:76)
at utils.TestContext.getLogger(TestContext.java:76)
at utils.TestContext.getLogger(TestContext.java:76)
at utils.TestContext.getLogger(TestContext.java:76)
at utils.TestContext.getLogger(TestContext.java:76)
at utils.TestContext.getLogger(TestContext.java:76)
at utils.TestContext.getLogger(TestContext.java:76)
at utils.TestContext.getLogger(TestContext.java:76)
at utils.TestContext.getLogger(TestContext.java:76)
at utils.TestContext.getLogger(TestContext.java:76)
at utils.TestContext.getLogger(TestContext.java:76)
at utils.TestContext.getLogger(TestContext.java:76)
at utils.TestContext.getLogger(TestContext.java:76)
at utils.TestContext.getLogger(TestContext.java:76)
at utils.TestContext.getLogger(TestContext.java:76)
at utils.TestContext.getLogger(TestContext.java:76)
at utils.TestContext.getLogger(TestContext.java:76)
at utils.TestContext.getLogger(TestContext.java:76)
at utils.TestContext.getLogger(TestContext.java:76)
at utils.TestContext.getLogger(TestContext.java:76)
at utils.TestContext.getLogger(TestContext.java:76)
at utils.TestContext.getLogger(TestContext.java:76)
at utils.TestContext.getLogger(TestContext.java:76)
at utils.TestContext.getLogger(TestContext.java:76)
at utils.TestContext.getLogger(TestContext.java:76)
at utils.TestContext.getLogger(TestContext.java:76)
at utils.TestContext.getLogger(TestContext.java:76)
at utils.TestContext.getLogger(TestContext.java:76)
at utils.TestContext.getLogger(TestContext.java:76)
at utils.TestContext.getLogger(TestContext.java:76)
at utils.TestContext.getLogger(TestContext.java:76)
at utils.TestContext.getLogger(TestContext.java:76)
at utils.TestContext.getLogger(TestContext.java:76)
at utils.TestContext.getLogger(TestContext.java:76)
at utils.TestContext.getLogger(TestContext.java:76)
at utils.TestContext.getLogger(TestContext.java:76)
at utils.TestContext.getLogger(TestContext.java:76)
at utils.TestContext.getLogger(TestContext.java:76)
at utils.TestContext.getLogger(TestContext.java:76)
at utils.TestContext.getLogger(TestContext.java:76)
at utils.TestContext.getLogger(TestContext.java:76)
at utils.TestContext.getLogger(TestContext.java:76)
at utils.TestContext.getLogger(TestContext.java:76)
at utils.TestContext.getLogger(TestContext.java:76)
at utils.TestContext.getLogger(TestContext.java:76)
at utils.TestContext.getLogger(TestContext.java:76)
at utils.TestContext.getLogger(TestContext.java:76)
at utils.TestContext.getLogger(TestContext.java:76)
at utils.TestContext.getLogger(TestContext.java:76)
at utils.TestContext.getLogger(TestContext.java:76)
at utils.TestContext.getLogger(TestContext.java:76)
at utils.TestContext.getLogger(TestContext.java:76)
at utils.TestContext.getLogger(TestContext.java:76)
at utils.TestContext.getLogger(TestContext.java:76)
at utils.TestContext.getLogger(TestContext.java:76)
at utils.TestContext.getLogger(TestContext.java:76)
at utils.TestContext.getLogger(TestContext.java:76)
at utils.TestContext.getLogger(TestContext.java:76)
at utils.TestContext.getLogger(TestContext.java:76)
at utils.TestContext.getLogger(TestContext.java:76)
at utils.TestContext.getLogger(TestContext.java:76)
at utils.TestContext.getLogger(TestContext.java:76)
at utils.TestContext.getLogger(TestContext.java:76)
at utils.TestContext.getLogger(TestContext.java:76)
at utils.TestContext.getLogger(TestContext.java:76)
at utils.TestContext.getLogger(TestContext.java:76)
at utils.TestContext.getLogger(TestContext.java:76)
at utils.TestContext.getLogger(TestContext.java:76)
at utils.TestContext.getLogger(TestContext.java:76)
at utils.TestContext.getLogger(TestContext.java:76)
at utils.TestContext.getLogger(TestContext.java:76)
at utils.TestContext.getLogger(TestContext.java:76)
at utils.TestContext.getLogger(TestContext.java:76)
at utils.TestContext.getLogger(TestContext.java:76)
at utils.TestContext.getLogger(TestContext.java:76)
at utils.TestContext.getLogger(TestContext.java:76)
at utils.TestContext.getLogger(TestContext.java:76)
at utils.TestContext.getLogger(TestContext.java:76)
at utils.TestContext.getLogger(TestContext.java:76)
at utils.TestContext.getLogger(TestContext.java:76)
at utils.TestContext.getLogger(TestContext.java:76)
at utils.TestContext.getLogger(TestContext.java:76)
at utils.TestContext.getLogger(TestContext.java:76)
at utils.TestContext.getLogger(TestContext.java:76)
at utils.TestContext.getLogger(TestContext.java:76)
at utils.TestContext.getLogger(TestContext.java:76)
at utils.TestContext.getLogger(TestContext.java:76)
at utils.TestContext.getLogger(TestContext.java:76)
at utils.TestContext.getLogger(TestContext.java:76)
at utils.TestContext.getLogger(TestContext.java:76)
at utils.TestContext.getLogger(TestContext.java:76)
at utils.TestContext.getLogger(TestContext.java:76)
at utils.TestContext.getLogger(TestContext.java:76)
at utils.TestContext.getLogger(TestContext.java:76)
at utils.TestContext.getLogger(TestContext.java:76)
at utils.TestContext.getLogger(TestContext.java:76)
at utils.TestContext.getLogger(TestContext.java:76)
at utils.TestContext.getLogger(TestContext.java:76)
at utils.TestContext.getLogger(TestContext.java:76)
at utils.TestContext.getLogger(TestContext.java:76)
at utils.TestContext.getLogger(TestContext.java:76)
at utils.TestContext.getLogger(TestContext.java:76)
at utils.TestContext.getLogger(TestContext.java:76)
at utils.TestContext.getLogger(TestContext.java:76)
at utils.TestContext.getLogger(TestContext.java:76)
at utils.TestContext.getLogger(TestContext.java:76)
at utils.TestContext.getLogger(TestContext.java:76)
at utils.TestContext.getLogger(TestContext.java:76)
at utils.TestContext.getLogger(TestContext.java:76)
at utils.TestContext.getLogger(TestContext.java:76)
at utils.TestContext.getLogger(TestContext.java:76)
at utils.TestContext.getLogger(TestContext.java:76)
at utils.TestContext.getLogger(TestContext.java:76)
at utils.TestContext.getLogger(TestContext.java:76)
at utils.TestContext.getLogger(TestContext.java:76)
at utils.TestContext.getLogger(TestContext.java:76)
at utils.TestContext.getLogger(TestContext.java:76)
at utils.TestContext.getLogger(TestContext.java:76)
at utils.TestContext.getLogger(TestContext.java:76)
at utils.TestContext.getLogger(TestContext.java:76)
at utils.TestContext.getLogger(TestContext.java:76)
at utils.TestContext.getLogger(TestContext.java:76)
at utils.TestContext.getLogger(TestContext.java:76)
at utils.TestContext.getLogger(TestContext.java:76)
at utils.TestContext.getLogger(TestContext.java:76)
at utils.TestContext.getLogger(TestContext.java:76)
at utils.TestContext.getLogger(TestContext.java:76)
at utils.TestContext.getLogger(TestContext.java:76)
at utils.TestContext.getLogger(TestContext.java:76)
at utils.TestContext.getLogger(TestContext.java:76)
at utils.TestContext.getLogger(TestContext.java:76)
at utils.TestContext.getLogger(TestContext.java:76)
at utils.TestContext.getLogger(TestContext.java:76)
at utils.TestContext.getLogger(TestContext.java:76)
at utils.TestContext.getLogger(TestContext.java:76)
at utils.TestContext.getLogger(TestContext.java:76)
at utils.TestContext.getLogger(TestContext.java:76)
at utils.TestContext.getLogger(TestContext.java:76)
at utils.TestContext.getLogger(TestContext.java:76)
at utils.TestContext.getLogger(TestContext.java:76)
at utils.TestContext.getLogger(TestContext.java:76)
at utils.TestContext.getLogger(TestContext.java:76)
at utils.TestContext.getLogger(TestContext.java:76)
at utils.TestContext.getLogger(TestContext.java:76)
at utils.TestContext.getLogger(TestContext.java:76)
at utils.TestContext.getLogger(TestContext.java:76)
at utils.TestContext.getLogger(TestContext.java:76)
at utils.TestContext.getLogger(TestContext.java:76)
at utils.TestContext.getLogger(TestContext.java:76)
at utils.TestContext.getLogger(TestContext.java:76)
at utils.TestContext.getLogger(TestContext.java:76)
at utils.TestContext.getLogger(TestContext.java:76)
at utils.TestContext.getLogger(TestContext.java:76)
at utils.TestContext.getLogger(TestContext.java:76)
at utils.TestContext.getLogger(TestContext.java:76)
at utils.TestContext.getLogger(TestContext.java:76)
at utils.TestContext.getLogger(TestContext.java:76)
at utils.TestContext.getLogger(TestContext.java:76)
at utils.TestContext.getLogger(TestContext.java:76)
at utils.TestContext.getLogger(TestContext.java:76)
at utils.TestContext.getLogger(TestContext.java:76)
at utils.TestContext.getLogger(TestContext.java:76)
at utils.TestContext.getLogger(TestContext.java:76)
at utils.TestContext.getLogger(TestContext.java:76)
at utils.TestContext.getLogger(TestContext.java:76)
at utils.TestContext.getLogger(TestContext.java:76)
at utils.TestContext.getLogger(TestContext.java:76)
at utils.TestContext.getLogger(TestContext.java:76)
at utils.TestContext.getLogger(TestContext.java:76)
at utils.TestContext.getLogger(TestContext.java:76)
at utils.TestContext.getLogger(TestContext.java:76)
at utils.TestContext.getLogger(TestContext.java:76)
at utils.TestContext.getLogger(TestContext.java:76)
at utils.TestContext.getLogger(TestContext.java:76)
at utils.TestContext.getLogger(TestContext.java:76)
at utils.TestContext.getLogger(TestContext.java:76)
at utils.TestContext.getLogger(TestContext.java:76)
at utils.TestContext.getLogger(TestContext.java:76)
at utils.TestContext.getLogger(TestContext.java:76)
at utils.TestContext.getLogger(TestContext.java:76)
at utils.TestContext.getLogger(TestContext.java:76)
at utils.TestContext.getLogger(TestContext.java:76)
at utils.TestContext.getLogger(TestContext.java:76)
at utils.TestContext.getLogger(TestContext.java:76)
at utils.TestContext.getLogger(TestContext.java:76)
at utils.TestContext.getLogger(TestContext.java:76)
at utils.TestContext.getLogger(TestContext.java:76)
at utils.TestContext.getLogger(TestContext.java:76)
at utils.TestContext.getLogger(TestContext.java:76)
at utils.TestContext.getLogger(TestContext.java:76)
at utils.TestContext.getLogger(TestContext.java:76)
at utils.TestContext.getLogger(TestContext.java:76)
at utils.TestContext.getLogger(TestContext.java:76)
at utils.TestContext.getLogger(TestContext.java:76)
at utils.TestContext.getLogger(TestContext.java:76)
at utils.TestContext.getLogger(TestContext.java:76)
at utils.TestContext.getLogger(TestContext.java:76)
at utils.TestContext.getLogger(TestContext.java:76)
at utils.TestContext.getLogger(TestContext.java:76)
at utils.TestContext.getLogger(TestContext.java:76)
at utils.TestContext.getLogger(TestContext.java:76)
at utils.TestContext.getLogger(TestContext.java:76)
at utils.TestContext.getLogger(TestContext.java:76)
at utils.TestContext.getLogger(TestContext.java:76)
at utils.TestContext.getLogger(TestContext.java:76)
at utils.TestContext.getLogger(TestContext.java:76)
at utils.TestContext.getLogger(TestContext.java:76)
at utils.TestContext.getLogger(TestContext.java:76)
at utils.TestContext.getLogger(TestContext.java:76)
at utils.TestContext.getLogger(TestContext.java:76)
at utils.TestContext.getLogger(TestContext.java:76)
at utils.TestContext.getLogger(TestContext.java:76)
at utils.TestContext.getLogger(TestContext.java:76)
at utils.TestContext.getLogger(TestContext.java:76)
at utils.TestContext.getLogger(TestContext.java:76)
at utils.TestContext.getLogger(TestContext.java:76)
at utils.TestContext.getLogger(TestContext.java:76)
at utils.TestContext.getLogger(TestContext.java:76)
at utils.TestContext.getLogger(TestContext.java:76)
at utils.TestContext.getLogger(TestContext.java:76)
at utils.TestContext.getLogger(TestContext.java:76)
at utils.TestContext.getLogger(TestContext.java:76)
at utils.TestContext.getLogger(TestContext.java:76)
at utils.TestContext.getLogger(TestContext.java:76)
at utils.TestContext.getLogger(TestContext.java:76)
at utils.TestContext.getLogger(TestContext.java:76)
at utils.TestContext.getLogger(TestContext.java:76)
at utils.TestContext.getLogger(TestContext.java:76)
at utils.TestContext.getLogger(TestContext.java:76)
at utils.TestContext.getLogger(TestContext.java:76)
at utils.TestContext.getLogger(TestContext.java:76)
at utils.TestContext.getLogger(TestContext.java:76)
at utils.TestContext.getLogger(TestContext.java:76)
at utils.TestContext.getLogger(TestContext.java:76)
at utils.TestContext.getLogger(TestContext.java:76)
at utils.TestContext.getLogger(TestContext.java:76)
at utils.TestContext.getLogger(TestContext.java:76)
at utils.TestContext.getLogger(TestContext.java:76)
at utils.TestContext.getLogger(TestContext.java:76)
at utils.TestContext.getLogger(TestContext.java:76)
at utils.TestContext.getLogger(TestContext.java:76)
at utils.TestContext.getLogger(TestContext.java:76)
at utils.TestContext.getLogger(TestContext.java:76)
at utils.TestContext.getLogger(TestContext.java:76)
at utils.TestContext.getLogger(TestContext.java:76)
at utils.TestContext.getLogger(TestContext.java:76)
at utils.TestContext.getLogger(TestContext.java:76)
at utils.TestContext.getLogger(TestContext.java:76)
at utils.TestContext.getLogger(TestContext.java:76)
at utils.TestContext.getLogger(TestContext.java:76)
at utils.TestContext.getLogger(TestContext.java:76)
at utils.TestContext.getLogger(TestContext.java:76)
at utils.TestContext.getLogger(TestContext.java:76)
at utils.TestContext.getLogger(TestContext.java:76)
at utils.TestContext.getLogger(TestContext.java:76)
at utils.TestContext.getLogger(TestContext.java:76)
at utils.TestContext.getLogger(TestContext.java:76)
at utils.TestContext.getLogger(TestContext.java:76)
at utils.TestContext.getLogger(TestContext.java:76)
at utils.TestContext.getLogger(TestContext.java:76)
at utils.TestContext.getLogger(TestContext.java:76)
at utils.TestContext.getLogger(TestContext.java:76)
at utils.TestContext.getLogger(TestContext.java:76)
at utils.TestContext.getLogger(TestContext.java:76)
at utils.TestContext.getLogger(TestContext.java:76)
at utils.TestContext.getLogger(TestContext.java:76)
at utils.TestContext.getLogger(TestContext.java:76)
at utils.TestContext.getLogger(TestContext.java:76)
at utils.TestContext.getLogger(TestContext.java:76)
at utils.TestContext.getLogger(TestContext.java:76)
at utils.TestContext.getLogger(TestContext.java:76)
at utils.TestContext.getLogger(TestContext.java:76)
at utils.TestContext.getLogger(TestContext.java:76)
at utils.TestContext.getLogger(TestContext.java:76)
at utils.TestContext.getLogger(TestContext.java:76)
at utils.TestContext.getLogger(TestContext.java:76)
at utils.TestContext.getLogger(TestContext.java:76)
at utils.TestContext.getLogger(TestContext.java:76)
at utils.TestContext.getLogger(TestContext.java:76)
at utils.TestContext.getLogger(TestContext.java:76)
at utils.TestContext.getLogger(TestContext.java:76)
at utils.TestContext.getLogger(TestContext.java:76)
at utils.TestContext.getLogger(TestContext.java:76)
at utils.TestContext.getLogger(TestContext.java:76)
at utils.TestContext.getLogger(TestContext.java:76)
at utils.TestContext.getLogger(TestContext.java:76)
at utils.TestContext.getLogger(TestContext.java:76)
at utils.TestContext.getLogger(TestContext.java:76)
at utils.TestContext.getLogger(TestContext.java:76)
at utils.TestContext.getLogger(TestContext.java:76)
at utils.TestContext.getLogger(TestContext.java:76)
at utils.TestContext.getLogger(TestContext.java:76)
at utils.TestContext.getLogger(TestContext.java:76)
at utils.TestContext.getLogger(TestContext.java:76)
at utils.TestContext.getLogger(TestContext.java:76)
at utils.TestContext.getLogger(TestContext.java:76)
at utils.TestContext.getLogger(TestContext.java:76)
at utils.TestContext.getLogger(TestContext.java:76)
at utils.TestContext.getLogger(TestContext.java:76)
at utils.TestContext.getLogger(TestContext.java:76)
at utils.TestContext.getLogger(TestContext.java:76)
at utils.TestContext.getLogger(TestContext.java:76)
at utils.TestContext.getLogger(TestContext.java:76)
at utils.TestContext.getLogger(TestContext.java:76)
at utils.TestContext.getLogger(TestContext.java:76)
at utils.TestContext.getLogger(TestContext.java:76)
at utils.TestContext.getLogger(TestContext.java:76)
at utils.TestContext.getLogger(TestContext.java:76)
at utils.TestContext.getLogger(TestContext.java:76)
at utils.TestContext.getLogger(TestContext.java:76)
at utils.TestContext.getLogger(TestContext.java:76)
at utils.TestContext.getLogger(TestContext.java:76)
at utils.TestContext.getLogger(TestContext.java:76)
at utils.TestContext.getLogger(TestContext.java:76)
at utils.TestContext.getLogger(TestContext.java:76)
at utils.TestContext.getLogger(TestContext.java:76)
at utils.TestContext.getLogger(TestContext.java:76)
at utils.TestContext.getLogger(TestContext.java:76)
at utils.TestContext.getLogger(TestContext.java:76)
at utils.TestContext.getLogger(TestContext.java:76)
at utils.TestContext.getLogger(TestContext.java:76)
at utils.TestContext.getLogger(TestContext.java:76)
at utils.TestContext.getLogger(TestContext.java:76)
at utils.TestContext.getLogger(TestContext.java:76)
at utils.TestContext.getLogger(TestContext.java:76)
at utils.TestContext.getLogger(TestContext.java:76)
at utils.TestContext.getLogger(TestContext.java:76)
at utils.TestContext.getLogger(TestContext.java:76)
at utils.TestContext.getLogger(TestContext.java:76)
at utils.TestContext.getLogger(TestContext.java:76)
at utils.TestContext.getLogger(TestContext.java:76)
at utils.TestContext.getLogger(TestContext.java:76)
at utils.TestContext.getLogger(TestContext.java:76)
at utils.TestContext.getLogger(TestContext.java:76)
at utils.TestContext.getLogger(TestContext.java:76)
at utils.TestContext.getLogger(TestContext.java:76)
at utils.TestContext.getLogger(TestContext.java:76)
at utils.TestContext.getLogger(TestContext.java:76)
at utils.TestContext.getLogger(TestContext.java:76)
at utils.TestContext.getLogger(TestContext.java:76)
at utils.TestContext.getLogger(TestContext.java:76)
at utils.TestContext.getLogger(TestContext.java:76)
at utils.TestContext.getLogger(TestContext.java:76)
at utils.TestContext.getLogger(TestContext.java:76)
at utils.TestContext.getLogger(TestContext.java:76)
at utils.TestContext.getLogger(TestContext.java:76)
at utils.TestContext.getLogger(TestContext.java:76)
at utils.TestContext.getLogger(TestContext.java:76)
at utils.TestContext.getLogger(TestContext.java:76)
at utils.TestContext.getLogger(TestContext.java:76)
at utils.TestContext.getLogger(TestContext.java:76)
at utils.TestContext.getLogger(TestContext.java:76)
at utils.TestContext.getLogger(TestContext.java:76)
at utils.TestContext.getLogger(TestContext.java:76)
at utils.TestContext.getLogger(TestContext.java:76)
at utils.TestContext.getLogger(TestContext.java:76)
at utils.TestContext.getLogger(TestContext.java:76)
at utils.TestContext.getLogger(TestContext.java:76)
at utils.TestContext.getLogger(TestContext.java:76)
at utils.TestContext.getLogger(TestContext.java:76)
at utils.TestContext.getLogger(TestContext.java:76)
at utils.TestContext.getLogger(TestContext.java:76)
at utils.TestContext.getLogger(TestContext.java:76)
at utils.TestContext.getLogger(TestContext.java:76)
at utils.TestContext.getLogger(TestContext.java:76)
at utils.TestContext.getLogger(TestContext.java:76)
at utils.TestContext.getLogger(TestContext.java:76)
at utils.TestContext.getLogger(TestContext.java:76)
at utils.TestContext.getLogger(TestContext.java:76)
at utils.TestContext.getLogger(TestContext.java:76)
at utils.TestContext.getLogger(TestContext.java:76)
at utils.TestContext.getLogger(TestContext.java:76)
at utils.TestContext.getLogger(TestContext.java:76)
at utils.TestContext.getLogger(TestContext.java:76)
at utils.TestContext.getLogger(TestContext.java:76)
at utils.TestContext.getLogger(TestContext.java:76)
at utils.TestContext.getLogger(TestContext.java:76)
at utils.TestContext.getLogger(TestContext.java:76)
at utils.TestContext.getLogger(TestContext.java:76)
at utils.TestContext.getLogger(TestContext.java:76)
at utils.TestContext.getLogger(TestContext.java:76)
at utils.TestContext.getLogger(TestContext.java:76)
at utils.TestContext.getLogger(TestContext.java:76)
at utils.TestContext.getLogger(TestContext.java:76)
at utils.TestContext.getLogger(TestContext.java:76)
at utils.TestContext.getLogger(TestContext.java:76)
at utils.TestContext.getLogger(TestContext.java:76)
at utils.TestContext.getLogger(TestContext.java:76)
at utils.TestContext.getLogger(TestContext.java:76)
at utils.TestContext.getLogger(TestContext.java:76)
at utils.TestContext.getLogger(TestContext.java:76)
at utils.TestContext.getLogger(TestContext.java:76)
at utils.TestContext.getLogger(TestContext.java:76)
at utils.TestContext.getLogger(TestContext.java:76)
at utils.TestContext.getLogger(TestContext.java:76)
at utils.TestContext.getLogger(TestContext.java:76)
at utils.TestContext.getLogger(TestContext.java:76)
at utils.TestContext.getLogger(TestContext.java:76)
at utils.TestContext.getLogger(TestContext.java:76)
at utils.TestContext.getLogger(TestContext.java:76)
at utils.TestContext.getLogger(TestContext.java:76)
at utils.TestContext.getLogger(TestContext.java:76)
at utils.TestContext.getLogger(TestContext.java:76)
at utils.TestContext.getLogger(TestContext.java:76)
at utils.TestContext.getLogger(TestContext.java:76)
at utils.TestContext.getLogger(TestContext.java:76)
at utils.TestContext.getLogger(TestContext.java:76)
at utils.TestContext.getLogger(TestContext.java:76)
at utils.TestContext.getLogger(TestContext.java:76)
at utils.TestContext.getLogger(TestContext.java:76)
at utils.TestContext.getLogger(TestContext.java:76)
at utils.TestContext.getLogger(TestContext.java:76)
at utils.TestContext.getLogger(TestContext.java:76)
at utils.TestContext.getLogger(TestContext.java:76)
at utils.TestContext.getLogger(TestContext.java:76)
at utils.TestContext.getLogger(TestContext.java:76)
at utils.TestContext.getLogger(TestContext.java:76)
at utils.TestContext.getLogger(TestContext.java:76)
at utils.TestContext.getLogger(TestContext.java:76)
at utils.TestContext.getLogger(TestContext.java:76)
at utils.TestContext.getLogger(TestContext.java:76)
at utils.TestContext.getLogger(TestContext.java:76)
at utils.TestContext.getLogger(TestContext.java:76)
at utils.TestContext.getLogger(TestContext.java:76)
at utils.TestContext.getLogger(TestContext.java:76)
at utils.TestContext.getLogger(TestContext.java:76)
at utils.TestContext.getLogger(TestContext.java:76)
at utils.TestContext.getLogger(TestContext.java:76)
at utils.TestContext.getLogger(TestContext.java:76)
at utils.TestContext.getLogger(TestContext.java:76)
at utils.TestContext.getLogger(TestContext.java:76)
at utils.TestContext.getLogger(TestContext.java:76)
at utils.TestContext.getLogger(TestContext.java:76)
at utils.TestContext.getLogger(TestContext.java:76)
at utils.TestContext.getLogger(TestContext.java:76)
at utils.TestContext.getLogger(TestContext.java:76)
at utils.TestContext.getLogger(TestContext.java:76)
at utils.TestContext.getLogger(TestContext.java:76)
at utils.TestContext.getLogger(TestContext.java:76)
at utils.TestContext.getLogger(TestContext.java:76)
at utils.TestContext.getLogger(TestContext.java:76)
at utils.TestContext.getLogger(TestContext.java:76)
at utils.TestContext.getLogger(TestContext.java:76)
at utils.TestContext.getLogger(TestContext.java:76)
at utils.TestContext.getLogger(TestContext.java:76)
at utils.TestContext.getLogger(TestContext.java:76)
at utils.TestContext.getLogger(TestContext.java:76)
at utils.TestContext.getLogger(TestContext.java:76)
at utils.TestContext.getLogger(TestContext.java:76)
at utils.TestContext.getLogger(TestContext.java:76)
at utils.TestContext.getLogger(TestContext.java:76)
at utils.TestContext.getLogger(TestContext.java:76)
at utils.TestContext.getLogger(TestContext.java:76)
at utils.TestContext.getLogger(TestContext.java:76)
at utils.TestContext.getLogger(TestContext.java:76)
at utils.TestContext.getLogger(TestContext.java:76)
at utils.TestContext.getLogger(TestContext.java:76)
at utils.TestContext.getLogger(TestContext.java:76)
at utils.TestContext.getLogger(TestContext.java:76)
at utils.TestContext.getLogger(TestContext.java:76)
at utils.TestContext.getLogger(TestContext.java:76)
at utils.TestContext.getLogger(TestContext.java:76)
at utils.TestContext.getLogger(TestContext.java:76)
at utils.TestContext.getLogger(TestContext.java:76)
at utils.TestContext.getLogger(TestContext.java:76)
at utils.TestContext.getLogger(TestContext.java:76)
at utils.TestContext.getLogger(TestContext.java:76)
at utils.TestContext.getLogger(TestContext.java:76)
at utils.TestContext.getLogger(TestContext.java:76)
at utils.TestContext.getLogger(TestContext.java:76)
at utils.TestContext.getLogger(TestContext.java:76)
at utils.TestContext.getLogger(TestContext.java:76)
at utils.TestContext.getLogger(TestContext.java:76)
at utils.TestContext.getLogger(TestContext.java:76)
at utils.TestContext.getLogger(TestContext.java:76)
at utils.TestContext.getLogger(TestContext.java:76)
at utils.TestContext.getLogger(TestContext.java:76)
at utils.TestContext.getLogger(TestContext.java:76)
at utils.TestContext.getLogger(TestContext.java:76)
at utils.TestContext.getLogger(TestContext.java:76)
at utils.TestContext.getLogger(TestContext.java:76)
at utils.TestContext.getLogger(TestContext.java:76)
at utils.TestContext.getLogger(TestContext.java:76)
at utils.TestContext.getLogger(TestContext.java:76)
at utils.TestContext.getLogger(TestContext.java:76)
at utils.TestContext.getLogger(TestContext.java:76)
at utils.TestContext.getLogger(TestContext.java:76)
at utils.TestContext.getLogger(TestContext.java:76)
at utils.TestContext.getLogger(TestContext.java:76)
at utils.TestContext.getLogger(TestContext.java:76)
at utils.TestContext.getLogger(TestContext.java:76)
at utils.TestContext.getLogger(TestContext.java:76)
at utils.TestContext.getLogger(TestContext.java:76)
at utils.TestContext.getLogger(TestContext.java:76)
at utils.TestContext.getLogger(TestContext.java:76)
at utils.TestContext.getLogger(TestContext.java:76)
at utils.TestContext.getLogger(TestContext.java:76)
at utils.TestContext.getLogger(TestContext.java:76)
at utils.TestContext.getLogger(TestContext.java:76)
at utils.TestContext.getLogger(TestContext.java:76)
at utils.TestContext.getLogger(TestContext.java:76)
at utils.TestContext.getLogger(TestContext.java:76)
at utils.TestContext.getLogger(TestContext.java:76)
at utils.TestContext.getLogger(TestContext.java:76)
at utils.TestContext.getLogger(TestContext.java:76)
at utils.TestContext.getLogger(TestContext.java:76)
at utils.TestContext.getLogger(TestContext.java:76)
at utils.TestContext.getLogger(TestContext.java:76)
at utils.TestContext.getLogger(TestContext.java:76)
at utils.TestContext.getLogger(TestContext.java:76)
at utils.TestContext.getLogger(TestContext.java:76)
at utils.TestContext.getLogger(TestContext.java:76)
at utils.TestContext.getLogger(TestContext.java:76)
at utils.TestContext.getLogger(TestContext.java:76)
at utils.TestContext.getLogger(TestContext.java:76)
at utils.TestContext.getLogger(TestContext.java:76)
at utils.TestContext.getLogger(TestContext.java:76)
at utils.TestContext.getLogger(TestContext.java:76)
at utils.TestContext.getLogger(TestContext.java:76)
at utils.TestContext.getLogger(TestContext.java:76)
at utils.TestContext.getLogger(TestContext.java:76)
at utils.TestContext.getLogger(TestContext.java:76)
at utils.TestContext.getLogger(TestContext.java:76)
at utils.TestContext.getLogger(TestContext.java:76)
at utils.TestContext.getLogger(TestContext.java:76)
at utils.TestContext.getLogger(TestContext.java:76)
at utils.TestContext.getLogger(TestContext.java:76)
at utils.TestContext.getLogger(TestContext.java:76)
at utils.TestContext.getLogger(TestContext.java:76)
at utils.TestContext.getLogger(TestContext.java:76)
at utils.TestContext.getLogger(TestContext.java:76)
at utils.TestContext.getLogger(TestContext.java:76)
at utils.TestContext.getLogger(TestContext.java:76)
at utils.TestContext.getLogger(TestContext.java:76)
at utils.TestContext.getLogger(TestContext.java:76)
at utils.TestContext.getLogger(TestContext.java:76)
at utils.TestContext.getLogger(TestContext.java:76)
at utils.TestContext.getLogger(TestContext.java:76)
at utils.TestContext.getLogger(TestContext.java:76)
at utils.TestContext.getLogger(TestContext.java:76)
at utils.TestContext.getLogger(TestContext.java:76)
at utils.TestContext.getLogger(TestContext.java:76)
at utils.TestContext.getLogger(TestContext.java:76)
at utils.TestContext.getLogger(TestContext.java:76)
at utils.TestContext.getLogger(TestContext.java:76)
at utils.TestContext.getLogger(TestContext.java:76)
at utils.TestContext.getLogger(TestContext.java:76)
at utils.TestContext.getLogger(TestContext.java:76)
at utils.TestContext.getLogger(TestContext.java:76)
at utils.TestContext.getLogger(TestContext.java:76)
at utils.TestContext.getLogger(TestContext.java:76)
at utils.TestContext.getLogger(TestContext.java:76)
at utils.TestContext.getLogger(TestContext.java:76)
at utils.TestContext.getLogger(TestContext.java:76)
at utils.TestContext.getLogger(TestContext.java:76)
at utils.TestContext.getLogger(TestContext.java:76)
at utils.TestContext.getLogger(TestContext.java:76)
at utils.TestContext.getLogger(TestContext.java:76)
at utils.TestContext.getLogger(TestContext.java:76)
at utils.TestContext.getLogger(TestContext.java:76)
at utils.TestContext.getLogger(TestContext.java:76)
at utils.TestContext.getLogger(TestContext.java:76)
at utils.TestContext.getLogger(TestContext.java:76)
at utils.TestContext.getLogger(TestContext.java:76)
at utils.TestContext.getLogger(TestContext.java:76)
at utils.TestContext.getLogger(TestContext.java:76)
at utils.TestContext.getLogger(TestContext.java:76)
at utils.TestContext.getLogger(TestContext.java:76)
at utils.TestContext.getLogger(TestContext.java:76)
at utils.TestContext.getLogger(TestContext.java:76)
at utils.TestContext.getLogger(TestContext.java:76)
at utils.TestContext.getLogger(TestContext.java:76)
at utils.TestContext.getLogger(TestContext.java:76)
at utils.TestContext.getLogger(TestContext.java:76)
at utils.TestContext.getLogger(TestContext.java:76)
at utils.TestContext.getLogger(TestContext.java:76)
at utils.TestContext.getLogger(TestContext.java:76)
at utils.TestContext.getLogger(TestContext.java:76)
at utils.TestContext.getLogger(TestContext.java:76)
at utils.TestContext.getLogger(TestContext.java:76)
at utils.TestContext.getLogger(TestContext.java:76)
at utils.TestContext.getLogger(TestContext.java:76)
at utils.TestContext.getLogger(TestContext.java:76)
at utils.TestContext.getLogger(TestContext.java:76)
at utils.TestContext.getLogger(TestContext.java:76)
at utils.TestContext.getLogger(TestContext.java:76)
at utils.TestContext.getLogger(TestContext.java:76)
at utils.TestContext.getLogger(TestContext.java:76)
at utils.TestContext.getLogger(TestContext.java:76)
at utils.TestContext.getLogger(TestContext.java:76)
at utils.TestContext.getLogger(TestContext.java:76)
at utils.TestContext.getLogger(TestContext.java:76)
at utils.TestContext.getLogger(TestContext.java:76)
at utils.TestContext.getLogger(TestContext.java:76)
at utils.TestContext.getLogger(TestContext.java:76)
at utils.TestContext.getLogger(TestContext.java:76)
at utils.TestContext.getLogger(TestContext.java:76)
at utils.TestContext.getLogger(TestContext.java:76)
at utils.TestContext.getLogger(TestContext.java:76)
at utils.TestContext.getLogger(TestContext.java:76)
at utils.TestContext.getLogger(TestContext.java:76)
at utils.TestContext.getLogger(TestContext.java:76)
at utils.TestContext.getLogger(TestContext.java:76)
at utils.TestContext.getLogger(TestContext.java:76)
at utils.TestContext.getLogger(TestContext.java:76)
at utils.TestContext.getLogger(TestContext.java:76)
at utils.TestContext.getLogger(TestContext.java:76)
at utils.TestContext.getLogger(TestContext.java:76)
at utils.TestContext.getLogger(TestContext.java:76)
at utils.TestContext.getLogger(TestContext.java:76)
at utils.TestContext.getLogger(TestContext.java:76)
at utils.TestContext.getLogger(TestContext.java:76)
at utils.TestContext.getLogger(TestContext.java:76)
at utils.TestContext.getLogger(TestContext.java:76)
at utils.TestContext.getLogger(TestContext.java:76)
at utils.TestContext.getLogger(TestContext.java:76)
at utils.TestContext.getLogger(TestContext.java:76)
at utils.TestContext.getLogger(TestContext.java:76)
at utils.TestContext.getLogger(TestContext.java:76)
at utils.TestContext.getLogger(TestContext.java:76)
at utils.TestContext.getLogger(TestContext.java:76)
at utils.TestContext.getLogger(TestContext.java:76)
at utils.TestContext.getLogger(TestContext.java:76)
at utils.TestContext.getLogger(TestContext.java:76)
at utils.TestContext.getLogger(TestContext.java:76)
at utils.TestContext.getLogger(TestContext.java:76)
at utils.TestContext.getLogger(TestContext.java:76)
at utils.TestContext.getLogger(TestContext.java:76)
at utils.TestContext.getLogger(TestContext.java:76)
at utils.TestContext.getLogger(TestContext.java:76)
at utils.TestContext.getLogger(TestContext.java:76)
at utils.TestContext.getLogger(TestContext.java:76)
at utils.TestContext.getLogger(TestContext.java:76)
at utils.TestContext.getLogger(TestContext.java:76)
at utils.TestContext.getLogger(TestContext.java:76)
at utils.TestContext.getLogger(TestContext.java:76)
at utils.TestContext.getLogger(TestContext.java:76)
at utils.TestContext.getLogger(TestContext.java:76)
at utils.TestContext.getLogger(TestContext.java:76)
at utils.TestContext.getLogger(TestContext.java:76)
at utils.TestContext.getLogger(TestContext.java:76)
at utils.TestContext.getLogger(TestContext.java:76)
at utils.TestContext.getLogger(TestContext.java:76)
at utils.TestContext.getLogger(TestContext.java:76)
at utils.TestContext.getLogger(TestContext.java:76)
at utils.TestContext.getLogger(TestContext.java:76)
at utils.TestContext.getLogger(TestContext.java:76)
at utils.TestContext.getLogger(TestContext.java:76)
at utils.TestContext.getLogger(TestContext.java:76)
at utils.TestContext.getLogger(TestContext.java:76)
at utils.TestContext.getLogger(TestContext.java:76)
at utils.TestContext.getLogger(TestContext.java:76)
at utils.TestContext.getLogger(TestContext.java:76)
at utils.TestContext.getLogger(TestContext.java:76)
at utils.TestContext.getLogger(TestContext.java:76)
at utils.TestContext.getLogger(TestContext.java:76)
at utils.TestContext.getLogger(TestContext.java:76)
at utils.TestContext.getLogger(TestContext.java:76)
at utils.TestContext.getLogger(TestContext.java:76)
at utils.TestContext.getLogger(TestContext.java:76)
at utils.TestContext.getLogger(TestContext.java:76)
at utils.TestContext.getLogger(TestContext.java:76)
at utils.TestContext.getLogger(TestContext.java:76)
at utils.TestContext.getLogger(TestContext.java:76)
at utils.TestContext.getLogger(TestContext.java:76)
at utils.TestContext.getLogger(TestContext.java:76)
at utils.TestContext.getLogger(TestContext.java:76)
at utils.TestContext.getLogger(TestContext.java:76)
at utils.TestContext.getLogger(TestContext.java:76)
at utils.TestContext.getLogger(TestContext.java:76)
at utils.TestContext.getLogger(TestContext.java:76)
at utils.TestContext.getLogger(TestContext.java:76)
at utils.TestContext.getLogger(TestContext.java:76)
at utils.TestContext.getLogger(TestContext.java:76)
at utils.TestContext.getLogger(TestContext.java:76)
at utils.TestContext.getLogger(TestContext.java:76)
at utils.TestContext.getLogger(TestContext.java:76)
at utils.TestContext.getLogger(TestContext.java:76)
at utils.TestContext.getLogger(TestContext.java:76)
at utils.TestContext.getLogger(TestContext.java:76)
at utils.TestContext.getLogger(TestContext.java:76)
at utils.TestContext.getLogger(TestContext.java:76)
at utils.TestContext.getLogger(TestContext.java:76)
at utils.TestContext.getLogger(TestContext.java:76)
at utils.TestContext.getLogger(TestContext.java:76)
at utils.TestContext.getLogger(TestContext.java:76)
at utils.TestContext.getLogger(TestContext.java:76)
at utils.TestContext.getLogger(TestContext.java:76)
at utils.TestContext.getLogger(TestContext.java:76)
at utils.TestContext.getLogger(TestContext.java:76)
at utils.TestContext.getLogger(TestContext.java:76)
at utils.TestContext.getLogger(TestContext.java:76)
at utils.TestContext.getLogger(TestContext.java:76)
at utils.TestContext.getLogger(TestContext.java:76)
at utils.TestContext.getLogger(TestContext.java:76)
at utils.TestContext.getLogger(TestContext.java:76)
at utils.TestContext.getLogger(TestContext.java:76)
at utils.TestContext.getLogger(TestContext.java:76)
at utils.TestContext.getLogger(TestContext.java:76)
at utils.TestContext.getLogger(TestContext.java:76)
at utils.TestContext.getLogger(TestContext.java:76)
at utils.TestContext.getLogger(TestContext.java:76)
at utils.TestContext.getLogger(TestContext.java:76)
at utils.TestContext.getLogger(TestContext.java:76)
at utils.TestContext.getLogger(TestContext.java:76)
at utils.TestContext.getLogger(TestContext.java:76)
at utils.TestContext.getLogger(TestContext.java:76)
at utils.TestContext.getLogger(TestContext.java:76)
at utils.TestContext.getLogger(TestContext.java:76)
at utils.TestContext.getLogger(TestContext.java:76)
at utils.TestContext.getLogger(TestContext.java:76)
at utils.TestContext.getLogger(TestContext.java:76)
at utils.TestContext.getLogger(TestContext.java:76)
at utils.TestContext.getLogger(TestContext.java:76)
at utils.TestContext.getLogger(TestContext.java:76)
at utils.TestContext.getLogger(TestContext.java:76)
at utils.TestContext.getLogger(TestContext.java:76)
at utils.TestContext.getLogger(TestContext.java:76)
at utils.TestContext.getLogger(TestContext.java:76)
at utils.TestContext.getLogger(TestContext.java:76)
at utils.TestContext.getLogger(TestContext.java:76)
at utils.TestContext.getLogger(TestContext.java:76)
at utils.TestContext.getLogger(TestContext.java:76)
at utils.TestContext.getLogger(TestContext.java:76)
at utils.TestContext.getLogger(TestContext.java:76)
at utils.TestContext.getLogger(TestContext.java:76)
at utils.TestContext.getLogger(TestContext.java:76)
at utils.TestContext.getLogger(TestContext.java:76)
at utils.TestContext.getLogger(TestContext.java:76)
at utils.TestContext.getLogger(TestContext.java:76)
at utils.TestContext.getLogger(TestContext.java:76)
at utils.TestContext.getLogger(TestContext.java:76)
at utils.TestContext.getLogger(TestContext.java:76)
at utils.TestContext.getLogger(TestContext.java:76)
at utils.TestContext.getLogger(TestContext.java:76)
at utils.TestContext.getLogger(TestContext.java:76)
at utils.TestContext.getLogger(TestContext.java:76)
at utils.TestContext.getLogger(TestContext.java:76)
at utils.TestContext.getLogger(TestContext.java:76)
at utils.TestContext.getLogger(TestContext.java:76)
at utils.TestContext.getLogger(TestContext.java:76)
at utils.TestContext.getLogger(TestContext.java:76)
at utils.TestContext.getLogger(TestContext.java:76)
at utils.TestContext.getLogger(TestContext.java:76)
at utils.TestContext.getLogger(TestContext.java:76)
at utils.TestContext.getLogger(TestContext.java:76)
at utils.TestContext.getLogger(TestContext.java:76)
at utils.TestContext.getLogger(TestContext.java:76)
at utils.TestContext.getLogger(TestContext.java:76)
at utils.TestContext.getLogger(TestContext.java:76)
at utils.TestContext.getLogger(TestContext.java:76)
at utils.TestContext.getLogger(TestContext.java:76)
at utils.TestContext.getLogger(TestContext.java:76)
at utils.TestContext.getLogger(TestContext.java:76)
at utils.TestContext.getLogger(TestContext.java:76)
at utils.TestContext.getLogger(TestContext.java:76)
at utils.TestContext.getLogger(TestContext.java:76)
at utils.TestContext.getLogger(TestContext.java:76)
at utils.TestContext.getLogger(TestContext.java:76)
at utils.TestContext.getLogger(TestContext.java:76)
at utils.TestContext.getLogger(TestContext.java:76)
at utils.TestContext.getLogger(TestContext.java:76)
at utils.TestContext.getLogger(TestContext.java:76)
at utils.TestContext.getLogger(TestContext.java:76)
at utils.TestContext.getLogger(TestContext.java:76)
at utils.TestContext.getLogger(TestContext.java:76)
at utils.TestContext.getLogger(TestContext.java:76)
at utils.TestContext.getLogger(TestContext.java:76)
at utils.TestContext.getLogger(TestContext.java:76)
at utils.TestContext.getLogger(TestContext.java:76)
at utils.TestContext.getLogger(TestContext.java:76)
at utils.TestContext.getLogger(TestContext.java:76)
at utils.TestContext.getLogger(TestContext.java:76)
at utils.TestContext.getLogger(TestContext.java:76)
at utils.TestContext.getLogger(TestContext.java:76)
at utils.TestContext.getLogger(TestContext.java:76)
at utils.TestContext.getLogger(TestContext.java:76)
at utils.TestContext.getLogger(TestContext.java:76)
at utils.TestContext.getLogger(TestContext.java:76)
at utils.TestContext.getLogger(TestContext.java:76)
at utils.TestContext.getLogger(TestContext.java:76)
at utils.TestContext.getLogger(TestContext.java:76)
at utils.TestContext.getLogger(TestContext.java:76)
at utils.TestContext.getLogger(TestContext.java:76)
at utils.TestContext.getLogger(TestContext.java:76)
at utils.TestContext.getLogger(TestContext.java:76)
at utils.TestContext.getLogger(TestContext.java:76)
at utils.TestContext.getLogger(TestContext.java:76)
at utils.TestContext.getLogger(TestContext.java:76)
at utils.TestContext.getLogger(TestContext.java:76)
at utils.TestContext.getLogger(TestContext.java:76)
at utils.TestContext.getLogger(TestContext.java:76)
at utils.TestContext.getLogger(TestContext.java:76)
at utils.TestContext.getLogger(TestContext.java:76)
at utils.TestContext.getLogger(TestContext.java:76)
at utils.TestContext.getLogger(TestContext.java:76)
at utils.TestContext.getLogger(TestContext.java:76)
at utils.TestContext.getLogger(TestContext.java:76)
at utils.TestContext.getLogger(TestContext.java:76)
at utils.TestContext.getLogger(TestContext.java:76)
at utils.TestContext.getLogger(TestContext.java:76)
at utils.TestContext.getLogger(TestContext.java:76)
at utils.TestContext.getLogger(TestContext.java:76)
at utils.TestContext.getLogger(TestContext.java:76)
at utils.TestContext.getLogger(TestContext.java:76)
at utils.TestContext.getLogger(TestContext.java:76)
at utils.TestContext.getLogger(TestContext.java:76)
at utils.TestContext.getLogger(TestContext.java:76)
at utils.TestContext.getLogger(TestContext.java:76)
at utils.TestContext.getLogger(TestContext.java:76)
at utils.TestContext.getLogger(TestContext.java:76)
at utils.TestContext.getLogger(TestContext.java:76)
at utils.TestContext.getLogger(TestContext.java:76)
at utils.TestContext.getLogger(TestContext.java:76)
at utils.TestContext.getLogger(TestContext.java:76)
at utils.TestContext.getLogger(TestContext.java:76)
at utils.TestContext.getLogger(TestContext.java:76)
at utils.TestContext.getLogger(TestContext.java:76)
at utils.TestContext.getLogger(TestContext.java:76)
at utils.TestContext.getLogger(TestContext.java:76)
at utils.TestContext.getLogger(TestContext.java:76)
at utils.TestContext.getLogger(TestContext.java:76)
at utils.TestContext.getLogger(TestContext.java:76)
at utils.TestContext.getLogger(TestContext.java:76)
at utils.TestContext.getLogger(TestContext.java:76)
at utils.TestContext.getLogger(TestContext.java:76)
at utils.TestContext.getLogger(TestContext.java:76)
at utils.TestContext.getLogger(TestContext.java:76)
at utils.TestContext.getLogger(TestContext.java:76)
at utils.TestContext.getLogger(TestContext.java:76)
at utils.TestContext.getLogger(TestContext.java:76)
at utils.TestContext.getLogger(TestContext.java:76)
at utils.TestContext.getLogger(TestContext.java:76)
at utils.TestContext.getLogger(TestContext.java:76)
at utils.TestContext.getLogger(TestContext.java:76)
at utils.TestContext.getLogger(TestContext.java:76)
at utils.TestContext.getLogger(TestContext.java:76)
at utils.TestContext.getLogger(TestContext.java:76)
at utils.TestContext.getLogger(TestContext.java:76)
at utils.TestContext.getLogger(TestContext.java:76)
at utils.TestContext.getLogger(TestContext.java:76)
at utils.TestContext.getLogger(TestContext.java:76)
at utils.TestContext.getLogger(TestContext.java:76)
at utils.TestContext.getLogger(TestContext.java:76)
at utils.TestContext.getLogger(TestContext.java:76)
at utils.TestContext.getLogger(TestContext.java:76)
at utils.TestContext.getLogger(TestContext.java:76)
at utils.TestContext.getLogger(TestContext.java:76)
at utils.TestContext.getLogger(TestContext.java:76)
at utils.TestContext.getLogger(TestContext.java:76)
at utils.TestContext.getLogger(TestContext.java:76)
at utils.TestContext.getLogger(TestContext.java:76)
at utils.TestContext.getLogger(TestContext.java:76)
at utils.TestContext.getLogger(TestContext.java:76)
at utils.TestContext.getLogger(TestContext.java:76)
at utils.TestContext.getLogger(TestContext.java:76)
at utils.TestContext.getLogger(TestContext.java:76)
at utils.TestContext.getLogger(TestContext.java:76)
at utils.TestContext.getLogger(TestContext.java:76)
at utils.TestContext.getLogger(TestContext.java:76)
at utils.TestContext.getLogger(TestContext.java:76)
at utils.TestContext.getLogger(TestContext.java:76)
at utils.TestContext.getLogger(TestContext.java:76)
at utils.TestContext.getLogger(TestContext.java:76)
at utils.TestContext.getLogger(TestContext.java:76)
at utils.TestContext.getLogger(TestContext.java:76)
at utils.TestContext.getLogger(TestContext.java:76)
at utils.TestContext.getLogger(TestContext.java:76)
at utils.TestContext.getLogger(TestContext.java:76)
at utils.TestContext.getLogger(TestContext.java:76)
at utils.TestContext.getLogger(TestContext.java:76)
at utils.TestContext.getLogger(TestContext.java:76)
at utils.TestContext.getLogger(TestContext.java:76)
at utils.TestContext.getLogger(TestContext.java:76)
at utils.TestContext.getLogger(TestContext.java:76)
at utils.TestContext.getLogger(TestContext.java:76)
at utils.TestContext.getLogger(TestContext.java:76)
at utils.TestContext.getLogger(TestContext.java:76)
at utils.TestContext.getLogger(TestContext.java:76)
at utils.TestContext.getLogger(TestContext.java:76)
at utils.TestContext.getLogger(TestContext.java:76)
at utils.TestContext.getLogger(TestContext.java:76)
at utils.TestContext.getLogger(TestContext.java:76)
at utils.TestContext.getLogger(TestContext.java:76)
at utils.TestContext.getLogger(TestContext.java:76)
at utils.TestContext.getLogger(TestContext.java:76)
at utils.TestContext.getLogger(TestContext.java:76)
at utils.TestContext.getLogger(TestContext.java:76)
at utils.TestContext.getLogger(TestContext.java:76)
at utils.TestContext.getLogger(TestContext.java:76)
at utils.TestContext.getLogger(TestContext.java:76)
at utils.TestContext.getLogger(TestContext.java:76)
at utils.TestContext.getLogger(TestContext.java:76)
at utils.TestContext.getLogger(TestContext.java:76)
at utils.TestContext.getLogger(TestContext.java:76)
at utils.TestContext.getLogger(TestContext.java:76)
at utils.TestContext.getLogger(TestContext.java:76)
at utils.TestContext.getLogger(TestContext.java:76)
at utils.TestContext.getLogger(TestContext.java:76)
at utils.TestContext.getLogger(TestContext.java:76)
at utils.TestContext.getLogger(TestContext.java:76)
at utils.TestContext.getLogger(TestContext.java:76)
at utils.TestContext.getLogger(TestContext.java:76)
at utils.TestContext.getLogger(TestContext.java:76)
at utils.TestContext.getLogger(TestContext.java:76)
at utils.TestContext.getLogger(TestContext.java:76)
at utils.TestContext.getLogger(TestContext.java:76)
at utils.TestContext.getLogger(TestContext.java:76)
at utils.TestContext.getLogger(TestContext.java:76)
at utils.TestContext.getLogger(TestContext.java:76)
at utils.TestContext.getLogger(TestContext.java:76)
at utils.TestContext.getLogger(TestContext.java:76)
at utils.TestContext.getLogger(TestContext.java:76)
at utils.TestContext.getLogger(TestContext.java:76)
at utils.TestContext.getLogger(TestContext.java:76)
at utils.TestContext.getLogger(TestContext.java:76)
at utils.TestContext.getLogger(TestContext.java:76)
at utils.TestContext.getLogger(TestContext.java:76)
at utils.TestContext.getLogger(TestContext.java:76)
at utils.TestContext.getLogger(TestContext.java:76)
at utils.TestContext.getLogger(TestContext.java:76)
at utils.TestContext.getLogger(TestContext.java:76)
at utils.TestContext.getLogger(TestContext.java:76)
at utils.TestContext.getLogger(TestContext.java:76)
at utils.TestContext.getLogger(TestContext.java:76)
at utils.TestContext.getLogger(TestContext.java:76)
at utils.TestContext.getLogger(TestContext.java:76)
at utils.TestContext.getLogger(TestContext.java:76)
at utils.TestContext.getLogger(TestContext.java:76)
at utils.TestContext.getLogger(TestContext.java:76)
at utils.TestContext.getLogger(TestContext.java:76)
at utils.TestContext.getLogger(TestContext.java:76)
at utils.TestContext.getLogger(TestContext.java:76)
at utils.TestContext.getLogger(TestContext.java:76)
at utils.TestContext.getLogger(TestContext.java:76)
at utils.TestContext.getLogger(TestContext.java:76)
at utils.TestContext.getLogger(TestContext.java:76)
at utils.TestContext.getLogger(TestContext.java:76)
at utils.TestContext.getLogger(TestContext.java:76)
at utils.TestContext.getLogger(TestContext.java:76)
]]>
    </failure>
  </testcase> <!-- validateArticels -->
</testsuite> <!-- LoginTest_Chrome -->
