<?xml version="1.0" encoding="UTF-8"?>
<testng-results ignored="0" total="1" passed="0" failed="1" skipped="0">
  <reporter-output>
  </reporter-output>
  <suite started-at="2024-12-23T17:09:45 IST" name="Suite" finished-at="2024-12-23T17:09:51 IST" duration-ms="5946">
    <groups>
    </groups>
    <test started-at="2024-12-23T17:09:45 IST" name="LoginTest_Chrome" finished-at="2024-12-23T17:09:51 IST" duration-ms="5946">
      <class name="testPackage.TC_003_ArticelsPage">
        <test-method is-config="true" signature="startReports()[pri:0, instance:testPackage.TC_003_ArticelsPage@11392934]" started-at="2024-12-23T17:09:44 IST" name="startReports" finished-at="2024-12-23T17:09:45 IST" duration-ms="297" status="PASS">
          <reporter-output>
          </reporter-output>
        </test-method> <!-- startReports -->
        <test-method is-config="true" signature="testDetails()[pri:0, instance:testPackage.TC_003_ArticelsPage@11392934]" started-at="2024-12-23T17:09:45 IST" name="testDetails" finished-at="2024-12-23T17:09:45 IST" duration-ms="1" status="PASS">
          <reporter-output>
          </reporter-output>
        </test-method> <!-- testDetails -->
        <test-method is-config="true" signature="setUp(java.lang.String)[pri:0, instance:testPackage.TC_003_ArticelsPage@11392934]" started-at="2024-12-23T17:09:46 IST" name="setUp" finished-at="2024-12-23T17:09:50 IST" duration-ms="4463" status="PASS">
          <params>
            <param index="0">
              <value>
                <![CDATA[chrome]]>
              </value>
            </param>
          </params>
          <reporter-output>
          </reporter-output>
        </test-method> <!-- setUp -->
        <test-method signature="validateArticels(java.lang.String,java.lang.String,java.lang.String,java.lang.String,java.lang.String,java.lang.String)[pri:0, instance:testPackage.TC_003_ArticelsPage@11392934]" started-at="2024-12-23T17:09:50 IST" name="validateArticels" data-provider="sendData" finished-at="2024-12-23T17:09:50 IST" duration-ms="137" status="FAIL">
          <params>
            <param index="0">
              <value>
                <![CDATA[validate login feature for valid credicnticals ]]>
              </value>
            </param>
            <param index="1">
              <value>
                <![CDATA[satheesh]]>
              </value>
            </param>
            <param index="2">
              <value>
                <![CDATA[Regression]]>
              </value>
            </param>
            <param index="3">
              <value>
                <![CDATA[9361288067]]>
              </value>
            </param>
            <param index="4">
              <value>
                <![CDATA[testpost]]>
              </value>
            </param>
            <param index="5">
              <value>
                <![CDATA[Testing]]>
              </value>
            </param>
          </params>
          <exception class="java.lang.StackOverflowError">
            <full-stacktrace>
              <![CDATA[java.lang.StackOverflowError
at utils.TestContext.getLogger(TestContext.java:76)
at utils.TestContext.getLogger(TestContext.java:76)
at utils.TestContext.getLogger(TestContext.java:76)
at utils.TestContext.getLogger(TestContext.java:76)
at utils.TestContext.getLogger(TestContext.java:76)
at utils.TestContext.getLogger(TestContext.java:76)
at utils.TestContext.getLogger(TestContext.java:76)
at utils.TestContext.getLogger(TestContext.java:76)
at utils.TestContext.getLogger(TestContext.java:76)
at utils.TestContext.getLogger(TestContext.java:76)
at utils.TestContext.getLogger(TestContext.java:76)
at utils.TestContext.getLogger(TestContext.java:76)
at utils.TestContext.getLogger(TestContext.java:76)
at utils.TestContext.getLogger(TestContext.java:76)
at utils.TestContext.getLogger(TestContext.java:76)
at utils.TestContext.getLogger(TestContext.java:76)
at utils.TestContext.getLogger(TestContext.java:76)
at utils.TestContext.getLogger(TestContext.java:76)
at utils.TestContext.getLogger(TestContext.java:76)
at utils.TestContext.getLogger(TestContext.java:76)
at utils.TestContext.getLogger(TestContext.java:76)
at utils.TestContext.getLogger(TestContext.java:76)
at utils.TestContext.getLogger(TestContext.java:76)
at utils.TestContext.getLogger(TestContext.java:76)
at utils.TestContext.getLogger(TestContext.java:76)
at utils.TestContext.getLogger(TestContext.java:76)
at utils.TestContext.getLogger(TestContext.java:76)
at utils.TestContext.getLogger(TestContext.java:76)
at utils.TestContext.getLogger(TestContext.java:76)
at utils.TestContext.getLogger(TestContext.java:76)
at utils.TestContext.getLogger(TestContext.java:76)
at utils.TestContext.getLogger(TestContext.java:76)
at utils.TestContext.getLogger(TestContext.java:76)
at utils.TestContext.getLogger(TestContext.java:76)
at utils.TestContext.getLogger(TestContext.java:76)
at utils.TestContext.getLogger(TestContext.java:76)
at utils.TestContext.getLogger(TestContext.java:76)
at utils.TestContext.getLogger(TestContext.java:76)
at utils.TestContext.getLogger(TestContext.java:76)
at utils.TestContext.getLogger(TestContext.java:76)
at utils.TestContext.getLogger(TestContext.java:76)
at utils.TestContext.getLogger(TestContext.java:76)
at utils.TestContext.getLogger(TestContext.java:76)
at utils.TestContext.getLogger(TestContext.java:76)
at utils.TestContext.getLogger(TestContext.java:76)
at utils.TestContext.getLogger(TestContext.java:76)
at utils.TestContext.getLogger(TestContext.java:76)
at utils.TestContext.getLogger(TestContext.java:76)
at utils.TestContext.getLogger(TestContext.java:76)
at utils.TestContext.getLogger(TestContext.java:76)
at utils.TestContext.getLogger(TestContext.java:76)
at utils.TestContext.getLogger(TestContext.java:76)
at utils.TestContext.getLogger(TestContext.java:76)
at utils.TestContext.getLogger(TestContext.java:76)
at utils.TestContext.getLogger(TestContext.java:76)
at utils.TestContext.getLogger(TestContext.java:76)
at utils.TestContext.getLogger(TestContext.java:76)
at utils.TestContext.getLogger(TestContext.java:76)
at utils.TestContext.getLogger(TestContext.java:76)
at utils.TestContext.getLogger(TestContext.java:76)
at utils.TestContext.getLogger(TestContext.java:76)
at utils.TestContext.getLogger(TestContext.java:76)
at utils.TestContext.getLogger(TestContext.java:76)
at utils.TestContext.getLogger(TestContext.java:76)
at utils.TestContext.getLogger(TestContext.java:76)
at utils.TestContext.getLogger(TestContext.java:76)
at utils.TestContext.getLogger(TestContext.java:76)
at utils.TestContext.getLogger(TestContext.java:76)
at utils.TestContext.getLogger(TestContext.java:76)
at utils.TestContext.getLogger(TestContext.java:76)
at utils.TestContext.getLogger(TestContext.java:76)
at utils.TestContext.getLogger(TestContext.java:76)
at utils.TestContext.getLogger(TestContext.java:76)
at utils.TestContext.getLogger(TestContext.java:76)
at utils.TestContext.getLogger(TestContext.java:76)
at utils.TestContext.getLogger(TestContext.java:76)
at utils.TestContext.getLogger(TestContext.java:76)
at utils.TestContext.getLogger(TestContext.java:76)
at utils.TestContext.getLogger(TestContext.java:76)
at utils.TestContext.getLogger(TestContext.java:76)
at utils.TestContext.getLogger(TestContext.java:76)
at utils.TestContext.getLogger(TestContext.java:76)
at utils.TestContext.getLogger(TestContext.java:76)
at utils.TestContext.getLogger(TestContext.java:76)
at utils.TestContext.getLogger(TestContext.java:76)
at utils.TestContext.getLogger(TestContext.java:76)
at utils.TestContext.getLogger(TestContext.java:76)
at utils.TestContext.getLogger(TestContext.java:76)
at utils.TestContext.getLogger(TestContext.java:76)
at utils.TestContext.getLogger(TestContext.java:76)
at utils.TestContext.getLogger(TestContext.java:76)
at utils.TestContext.getLogger(TestContext.java:76)
at utils.TestContext.getLogger(TestContext.java:76)
at utils.TestContext.getLogger(TestContext.java:76)
at utils.TestContext.getLogger(TestContext.java:76)
at utils.TestContext.getLogger(TestContext.java:76)
at utils.TestContext.getLogger(TestContext.java:76)
at utils.TestContext.getLogger(TestContext.java:76)
at utils.TestContext.getLogger(TestContext.java:76)
at utils.TestContext.getLogger(TestContext.java:76)
at utils.TestContext.getLogger(TestContext.java:76)
at utils.TestContext.getLogger(TestContext.java:76)
at utils.TestContext.getLogger(TestContext.java:76)
at utils.TestContext.getLogger(TestContext.java:76)
at utils.TestContext.getLogger(TestContext.java:76)
at utils.TestContext.getLogger(TestContext.java:76)
at utils.TestContext.getLogger(TestContext.java:76)
at utils.TestContext.getLogger(TestContext.java:76)
at utils.TestContext.getLogger(TestContext.java:76)
at utils.TestContext.getLogger(TestContext.java:76)
at utils.TestContext.getLogger(TestContext.java:76)
at utils.TestContext.getLogger(TestContext.java:76)
at utils.TestContext.getLogger(TestContext.java:76)
at utils.TestContext.getLogger(TestContext.java:76)
at utils.TestContext.getLogger(TestContext.java:76)
at utils.TestContext.getLogger(TestContext.java:76)
at utils.TestContext.getLogger(TestContext.java:76)
at utils.TestContext.getLogger(TestContext.java:76)
at utils.TestContext.getLogger(TestContext.java:76)
at utils.TestContext.getLogger(TestContext.java:76)
at utils.TestContext.getLogger(TestContext.java:76)
at utils.TestContext.getLogger(TestContext.java:76)
at utils.TestContext.getLogger(TestContext.java:76)
at utils.TestContext.getLogger(TestContext.java:76)
at utils.TestContext.getLogger(TestContext.java:76)
at utils.TestContext.getLogger(TestContext.java:76)
at utils.TestContext.getLogger(TestContext.java:76)
at utils.TestContext.getLogger(TestContext.java:76)
at utils.TestContext.getLogger(TestContext.java:76)
at utils.TestContext.getLogger(TestContext.java:76)
at utils.TestContext.getLogger(TestContext.java:76)
at utils.TestContext.getLogger(TestContext.java:76)
at utils.TestContext.getLogger(TestContext.java:76)
at utils.TestContext.getLogger(TestContext.java:76)
at utils.TestContext.getLogger(TestContext.java:76)
at utils.TestContext.getLogger(TestContext.java:76)
at utils.TestContext.getLogger(TestContext.java:76)
at utils.TestContext.getLogger(TestContext.java:76)
at utils.TestContext.getLogger(TestContext.java:76)
at utils.TestContext.getLogger(TestContext.java:76)
at utils.TestContext.getLogger(TestContext.java:76)
at utils.TestContext.getLogger(TestContext.java:76)
at utils.TestContext.getLogger(TestContext.java:76)
at utils.TestContext.getLogger(TestContext.java:76)
at utils.TestContext.getLogger(TestContext.java:76)
at utils.TestContext.getLogger(TestContext.java:76)
at utils.TestContext.getLogger(TestContext.java:76)
at utils.TestContext.getLogger(TestContext.java:76)
at utils.TestContext.getLogger(TestContext.java:76)
at utils.TestContext.getLogger(TestContext.java:76)
at utils.TestContext.getLogger(TestContext.java:76)
at utils.TestContext.getLogger(TestContext.java:76)
at utils.TestContext.getLogger(TestContext.java:76)
at utils.TestContext.getLogger(TestContext.java:76)
at utils.TestContext.getLogger(TestContext.java:76)
at utils.TestContext.getLogger(TestContext.java:76)
at utils.TestContext.getLogger(TestContext.java:76)
at utils.TestContext.getLogger(TestContext.java:76)
at utils.TestContext.getLogger(TestContext.java:76)
at utils.TestContext.getLogger(TestContext.java:76)
at utils.TestContext.getLogger(TestContext.java:76)
at utils.TestContext.getLogger(TestContext.java:76)
at utils.TestContext.getLogger(TestContext.java:76)
at utils.TestContext.getLogger(TestContext.java:76)
at utils.TestContext.getLogger(TestContext.java:76)
at utils.TestContext.getLogger(TestContext.java:76)
at utils.TestContext.getLogger(TestContext.java:76)
at utils.TestContext.getLogger(TestContext.java:76)
at utils.TestContext.getLogger(TestContext.java:76)
at utils.TestContext.getLogger(TestContext.java:76)
at utils.TestContext.getLogger(TestContext.java:76)
at utils.TestContext.getLogger(TestContext.java:76)
at utils.TestContext.getLogger(TestContext.java:76)
at utils.TestContext.getLogger(TestContext.java:76)
at utils.TestContext.getLogger(TestContext.java:76)
at utils.TestContext.getLogger(TestContext.java:76)
at utils.TestContext.getLogger(TestContext.java:76)
at utils.TestContext.getLogger(TestContext.java:76)
at utils.TestContext.getLogger(TestContext.java:76)
at utils.TestContext.getLogger(TestContext.java:76)
at utils.TestContext.getLogger(TestContext.java:76)
at utils.TestContext.getLogger(TestContext.java:76)
at utils.TestContext.getLogger(TestContext.java:76)
at utils.TestContext.getLogger(TestContext.java:76)
at utils.TestContext.getLogger(TestContext.java:76)
at utils.TestContext.getLogger(TestContext.java:76)
at utils.TestContext.getLogger(TestContext.java:76)
at utils.TestContext.getLogger(TestContext.java:76)
at utils.TestContext.getLogger(TestContext.java:76)
at utils.TestContext.getLogger(TestContext.java:76)
at utils.TestContext.getLogger(TestContext.java:76)
at utils.TestContext.getLogger(TestContext.java:76)
at utils.TestContext.getLogger(TestContext.java:76)
at utils.TestContext.getLogger(TestContext.java:76)
at utils.TestContext.getLogger(TestContext.java:76)
at utils.TestContext.getLogger(TestContext.java:76)
at utils.TestContext.getLogger(TestContext.java:76)
at utils.TestContext.getLogger(TestContext.java:76)
at utils.TestContext.getLogger(TestContext.java:76)
at utils.TestContext.getLogger(TestContext.java:76)
at utils.TestContext.getLogger(TestContext.java:76)
at utils.TestContext.getLogger(TestContext.java:76)
at utils.TestContext.getLogger(TestContext.java:76)
at utils.TestContext.getLogger(TestContext.java:76)
at utils.TestContext.getLogger(TestContext.java:76)
at utils.TestContext.getLogger(TestContext.java:76)
at utils.TestContext.getLogger(TestContext.java:76)
at utils.TestContext.getLogger(TestContext.java:76)
at utils.TestContext.getLogger(TestContext.java:76)
at utils.TestContext.getLogger(TestContext.java:76)
at utils.TestContext.getLogger(TestContext.java:76)
at utils.TestContext.getLogger(TestContext.java:76)
at utils.TestContext.getLogger(TestContext.java:76)
at utils.TestContext.getLogger(TestContext.java:76)
at utils.TestContext.getLogger(TestContext.java:76)
at utils.TestContext.getLogger(TestContext.java:76)
at utils.TestContext.getLogger(TestContext.java:76)
at utils.TestContext.getLogger(TestContext.java:76)
at utils.TestContext.getLogger(TestContext.java:76)
at utils.TestContext.getLogger(TestContext.java:76)
at utils.TestContext.getLogger(TestContext.java:76)
at utils.TestContext.getLogger(TestContext.java:76)
at utils.TestContext.getLogger(TestContext.java:76)
at utils.TestContext.getLogger(TestContext.java:76)
at utils.TestContext.getLogger(TestContext.java:76)
at utils.TestContext.getLogger(TestContext.java:76)
at utils.TestContext.getLogger(TestContext.java:76)
at utils.TestContext.getLogger(TestContext.java:76)
at utils.TestContext.getLogger(TestContext.java:76)
at utils.TestContext.getLogger(TestContext.java:76)
at utils.TestContext.getLogger(TestContext.java:76)
at utils.TestContext.getLogger(TestContext.java:76)
at utils.TestContext.getLogger(TestContext.java:76)
at utils.TestContext.getLogger(TestContext.java:76)
at utils.TestContext.getLogger(TestContext.java:76)
at utils.TestContext.getLogger(TestContext.java:76)
at utils.TestContext.getLogger(TestContext.java:76)
at utils.TestContext.getLogger(TestContext.java:76)
at utils.TestContext.getLogger(TestContext.java:76)
at utils.TestContext.getLogger(TestContext.java:76)
at utils.TestContext.getLogger(TestContext.java:76)
at utils.TestContext.getLogger(TestContext.java:76)
at utils.TestContext.getLogger(TestContext.java:76)
at utils.TestContext.getLogger(TestContext.java:76)
at utils.TestContext.getLogger(TestContext.java:76)
at utils.TestContext.getLogger(TestContext.java:76)
at utils.TestContext.getLogger(TestContext.java:76)
at utils.TestContext.getLogger(TestContext.java:76)
at utils.TestContext.getLogger(TestContext.java:76)
at utils.TestContext.getLogger(TestContext.java:76)
at utils.TestContext.getLogger(TestContext.java:76)
at utils.TestContext.getLogger(TestContext.java:76)
at utils.TestContext.getLogger(TestContext.java:76)
at utils.TestContext.getLogger(TestContext.java:76)
at utils.TestContext.getLogger(TestContext.java:76)
at utils.TestContext.getLogger(TestContext.java:76)
at utils.TestContext.getLogger(TestContext.java:76)
at utils.TestContext.getLogger(TestContext.java:76)
at utils.TestContext.getLogger(TestContext.java:76)
at utils.TestContext.getLogger(TestContext.java:76)
at utils.TestContext.getLogger(TestContext.java:76)
at utils.TestContext.getLogger(TestContext.java:76)
at utils.TestContext.getLogger(TestContext.java:76)
at utils.TestContext.getLogger(TestContext.java:76)
at utils.TestContext.getLogger(TestContext.java:76)
at utils.TestContext.getLogger(TestContext.java:76)
at utils.TestContext.getLogger(TestContext.java:76)
at utils.TestContext.getLogger(TestContext.java:76)
at utils.TestContext.getLogger(TestContext.java:76)
at utils.TestContext.getLogger(TestContext.java:76)
at utils.TestContext.getLogger(TestContext.java:76)
at utils.TestContext.getLogger(TestContext.java:76)
at utils.TestContext.getLogger(TestContext.java:76)
at utils.TestContext.getLogger(TestContext.java:76)
at utils.TestContext.getLogger(TestContext.java:76)
at utils.TestContext.getLogger(TestContext.java:76)
at utils.TestContext.getLogger(TestContext.java:76)
at utils.TestContext.getLogger(TestContext.java:76)
at utils.TestContext.getLogger(TestContext.java:76)
at utils.TestContext.getLogger(TestContext.java:76)
at utils.TestContext.getLogger(TestContext.java:76)
at utils.TestContext.getLogger(TestContext.java:76)
at utils.TestContext.getLogger(TestContext.java:76)
at utils.TestContext.getLogger(TestContext.java:76)
at utils.TestContext.getLogger(TestContext.java:76)
at utils.TestContext.getLogger(TestContext.java:76)
at utils.TestContext.getLogger(TestContext.java:76)
at utils.TestContext.getLogger(TestContext.java:76)
at utils.TestContext.getLogger(TestContext.java:76)
at utils.TestContext.getLogger(TestContext.java:76)
at utils.TestContext.getLogger(TestContext.java:76)
at utils.TestContext.getLogger(TestContext.java:76)
at utils.TestContext.getLogger(TestContext.java:76)
at utils.TestContext.getLogger(TestContext.java:76)
at utils.TestContext.getLogger(TestContext.java:76)
at utils.TestContext.getLogger(TestContext.java:76)
at utils.TestContext.getLogger(TestContext.java:76)
at utils.TestContext.getLogger(TestContext.java:76)
at utils.TestContext.getLogger(TestContext.java:76)
at utils.TestContext.getLogger(TestContext.java:76)
at utils.TestContext.getLogger(TestContext.java:76)
at utils.TestContext.getLogger(TestContext.java:76)
at utils.TestContext.getLogger(TestContext.java:76)
at utils.TestContext.getLogger(TestContext.java:76)
at utils.TestContext.getLogger(TestContext.java:76)
at utils.TestContext.getLogger(TestContext.java:76)
at utils.TestContext.getLogger(TestContext.java:76)
at utils.TestContext.getLogger(TestContext.java:76)
at utils.TestContext.getLogger(TestContext.java:76)
at utils.TestContext.getLogger(TestContext.java:76)
at utils.TestContext.getLogger(TestContext.java:76)
at utils.TestContext.getLogger(TestContext.java:76)
at utils.TestContext.getLogger(TestContext.java:76)
at utils.TestContext.getLogger(TestContext.java:76)
at utils.TestContext.getLogger(TestContext.java:76)
at utils.TestContext.getLogger(TestContext.java:76)
at utils.TestContext.getLogger(TestContext.java:76)
at utils.TestContext.getLogger(TestContext.java:76)
at utils.TestContext.getLogger(TestContext.java:76)
at utils.TestContext.getLogger(TestContext.java:76)
at utils.TestContext.getLogger(TestContext.java:76)
at utils.TestContext.getLogger(TestContext.java:76)
at utils.TestContext.getLogger(TestContext.java:76)
at utils.TestContext.getLogger(TestContext.java:76)
at utils.TestContext.getLogger(TestContext.java:76)
at utils.TestContext.getLogger(TestContext.java:76)
at utils.TestContext.getLogger(TestContext.java:76)
at utils.TestContext.getLogger(TestContext.java:76)
at utils.TestContext.getLogger(TestContext.java:76)
at utils.TestContext.getLogger(TestContext.java:76)
at utils.TestContext.getLogger(TestContext.java:76)
at utils.TestContext.getLogger(TestContext.java:76)
at utils.TestContext.getLogger(TestContext.java:76)
at utils.TestContext.getLogger(TestContext.java:76)
at utils.TestContext.getLogger(TestContext.java:76)
at utils.TestContext.getLogger(TestContext.java:76)
at utils.TestContext.getLogger(TestContext.java:76)
at utils.TestContext.getLogger(TestContext.java:76)
at utils.TestContext.getLogger(TestContext.java:76)
at utils.TestContext.getLogger(TestContext.java:76)
at utils.TestContext.getLogger(TestContext.java:76)
at utils.TestContext.getLogger(TestContext.java:76)
at utils.TestContext.getLogger(TestContext.java:76)
at utils.TestContext.getLogger(TestContext.java:76)
at utils.TestContext.getLogger(TestContext.java:76)
at utils.TestContext.getLogger(TestContext.java:76)
at utils.TestContext.getLogger(TestContext.java:76)
at utils.TestContext.getLogger(TestContext.java:76)
at utils.TestContext.getLogger(TestContext.java:76)
at utils.TestContext.getLogger(TestContext.java:76)
at utils.TestContext.getLogger(TestContext.java:76)
at utils.TestContext.getLogger(TestContext.java:76)
at utils.TestContext.getLogger(TestContext.java:76)
at utils.TestContext.getLogger(TestContext.java:76)
at utils.TestContext.getLogger(TestContext.java:76)
at utils.TestContext.getLogger(TestContext.java:76)
at utils.TestContext.getLogger(TestContext.java:76)
at utils.TestContext.getLogger(TestContext.java:76)
at utils.TestContext.getLogger(TestContext.java:76)
at utils.TestContext.getLogger(TestContext.java:76)
at utils.TestContext.getLogger(TestContext.java:76)
at utils.TestContext.getLogger(TestContext.java:76)
at utils.TestContext.getLogger(TestContext.java:76)
at utils.TestContext.getLogger(TestContext.java:76)
at utils.TestContext.getLogger(TestContext.java:76)
at utils.TestContext.getLogger(TestContext.java:76)
at utils.TestContext.getLogger(TestContext.java:76)
at utils.TestContext.getLogger(TestContext.java:76)
at utils.TestContext.getLogger(TestContext.java:76)
at utils.TestContext.getLogger(TestContext.java:76)
at utils.TestContext.getLogger(TestContext.java:76)
at utils.TestContext.getLogger(TestContext.java:76)
at utils.TestContext.getLogger(TestContext.java:76)
at utils.TestContext.getLogger(TestContext.java:76)
at utils.TestContext.getLogger(TestContext.java:76)
at utils.TestContext.getLogger(TestContext.java:76)
at utils.TestContext.getLogger(TestContext.java:76)
at utils.TestContext.getLogger(TestContext.java:76)
at utils.TestContext.getLogger(TestContext.java:76)
at utils.TestContext.getLogger(TestContext.java:76)
at utils.TestContext.getLogger(TestContext.java:76)
at utils.TestContext.getLogger(TestContext.java:76)
at utils.TestContext.getLogger(TestContext.java:76)
at utils.TestContext.getLogger(TestContext.java:76)
at utils.TestContext.getLogger(TestContext.java:76)
at utils.TestContext.getLogger(TestContext.java:76)
at utils.TestContext.getLogger(TestContext.java:76)
at utils.TestContext.getLogger(TestContext.java:76)
at utils.TestContext.getLogger(TestContext.java:76)
at utils.TestContext.getLogger(TestContext.java:76)
at utils.TestContext.getLogger(TestContext.java:76)
at utils.TestContext.getLogger(TestContext.java:76)
at utils.TestContext.getLogger(TestContext.java:76)
at utils.TestContext.getLogger(TestContext.java:76)
at utils.TestContext.getLogger(TestContext.java:76)
at utils.TestContext.getLogger(TestContext.java:76)
at utils.TestContext.getLogger(TestContext.java:76)
at utils.TestContext.getLogger(TestContext.java:76)
at utils.TestContext.getLogger(TestContext.java:76)
at utils.TestContext.getLogger(TestContext.java:76)
at utils.TestContext.getLogger(TestContext.java:76)
at utils.TestContext.getLogger(TestContext.java:76)
at utils.TestContext.getLogger(TestContext.java:76)
at utils.TestContext.getLogger(TestContext.java:76)
at utils.TestContext.getLogger(TestContext.java:76)
at utils.TestContext.getLogger(TestContext.java:76)
at utils.TestContext.getLogger(TestContext.java:76)
at utils.TestContext.getLogger(TestContext.java:76)
at utils.TestContext.getLogger(TestContext.java:76)
at utils.TestContext.getLogger(TestContext.java:76)
at utils.TestContext.getLogger(TestContext.java:76)
at utils.TestContext.getLogger(TestContext.java:76)
at utils.TestContext.getLogger(TestContext.java:76)
at utils.TestContext.getLogger(TestContext.java:76)
at utils.TestContext.getLogger(TestContext.java:76)
at utils.TestContext.getLogger(TestContext.java:76)
at utils.TestContext.getLogger(TestContext.java:76)
at utils.TestContext.getLogger(TestContext.java:76)
at utils.TestContext.getLogger(TestContext.java:76)
at utils.TestContext.getLogger(TestContext.java:76)
at utils.TestContext.getLogger(TestContext.java:76)
at utils.TestContext.getLogger(TestContext.java:76)
at utils.TestContext.getLogger(TestContext.java:76)
at utils.TestContext.getLogger(TestContext.java:76)
at utils.TestContext.getLogger(TestContext.java:76)
at utils.TestContext.getLogger(TestContext.java:76)
at utils.TestContext.getLogger(TestContext.java:76)
at utils.TestContext.getLogger(TestContext.java:76)
at utils.TestContext.getLogger(TestContext.java:76)
at utils.TestContext.getLogger(TestContext.java:76)
at utils.TestContext.getLogger(TestContext.java:76)
at utils.TestContext.getLogger(TestContext.java:76)
at utils.TestContext.getLogger(TestContext.java:76)
at utils.TestContext.getLogger(TestContext.java:76)
at utils.TestContext.getLogger(TestContext.java:76)
at utils.TestContext.getLogger(TestContext.java:76)
at utils.TestContext.getLogger(TestContext.java:76)
at utils.TestContext.getLogger(TestContext.java:76)
at utils.TestContext.getLogger(TestContext.java:76)
at utils.TestContext.getLogger(TestContext.java:76)
at utils.TestContext.getLogger(TestContext.java:76)
at utils.TestContext.getLogger(TestContext.java:76)
at utils.TestContext.getLogger(TestContext.java:76)
at utils.TestContext.getLogger(TestContext.java:76)
at utils.TestContext.getLogger(TestContext.java:76)
at utils.TestContext.getLogger(TestContext.java:76)
at utils.TestContext.getLogger(TestContext.java:76)
at utils.TestContext.getLogger(TestContext.java:76)
at utils.TestContext.getLogger(TestContext.java:76)
at utils.TestContext.getLogger(TestContext.java:76)
at utils.TestContext.getLogger(TestContext.java:76)
at utils.TestContext.getLogger(TestContext.java:76)
at utils.TestContext.getLogger(TestContext.java:76)
at utils.TestContext.getLogger(TestContext.java:76)
at utils.TestContext.getLogger(TestContext.java:76)
at utils.TestContext.getLogger(TestContext.java:76)
at utils.TestContext.getLogger(TestContext.java:76)
at utils.TestContext.getLogger(TestContext.java:76)
at utils.TestContext.getLogger(TestContext.java:76)
at utils.TestContext.getLogger(TestContext.java:76)
at utils.TestContext.getLogger(TestContext.java:76)
at utils.TestContext.getLogger(TestContext.java:76)
at utils.TestContext.getLogger(TestContext.java:76)
at utils.TestContext.getLogger(TestContext.java:76)
at utils.TestContext.getLogger(TestContext.java:76)
at utils.TestContext.getLogger(TestContext.java:76)
at utils.TestContext.getLogger(TestContext.java:76)
at utils.TestContext.getLogger(TestContext.java:76)
at utils.TestContext.getLogger(TestContext.java:76)
at utils.TestContext.getLogger(TestContext.java:76)
at utils.TestContext.getLogger(TestContext.java:76)
at utils.TestContext.getLogger(TestContext.java:76)
at utils.TestContext.getLogger(TestContext.java:76)
at utils.TestContext.getLogger(TestContext.java:76)
at utils.TestContext.getLogger(TestContext.java:76)
at utils.TestContext.getLogger(TestContext.java:76)
at utils.TestContext.getLogger(TestContext.java:76)
at utils.TestContext.getLogger(TestContext.java:76)
at utils.TestContext.getLogger(TestContext.java:76)
at utils.TestContext.getLogger(TestContext.java:76)
at utils.TestContext.getLogger(TestContext.java:76)
at utils.TestContext.getLogger(TestContext.java:76)
at utils.TestContext.getLogger(TestContext.java:76)
at utils.TestContext.getLogger(TestContext.java:76)
at utils.TestContext.getLogger(TestContext.java:76)
at utils.TestContext.getLogger(TestContext.java:76)
at utils.TestContext.getLogger(TestContext.java:76)
at utils.TestContext.getLogger(TestContext.java:76)
at utils.TestContext.getLogger(TestContext.java:76)
at utils.TestContext.getLogger(TestContext.java:76)
at utils.TestContext.getLogger(TestContext.java:76)
at utils.TestContext.getLogger(TestContext.java:76)
at utils.TestContext.getLogger(TestContext.java:76)
at utils.TestContext.getLogger(TestContext.java:76)
at utils.TestContext.getLogger(TestContext.java:76)
at utils.TestContext.getLogger(TestContext.java:76)
at utils.TestContext.getLogger(TestContext.java:76)
at utils.TestContext.getLogger(TestContext.java:76)
at utils.TestContext.getLogger(TestContext.java:76)
at utils.TestContext.getLogger(TestContext.java:76)
at utils.TestContext.getLogger(TestContext.java:76)
at utils.TestContext.getLogger(TestContext.java:76)
at utils.TestContext.getLogger(TestContext.java:76)
at utils.TestContext.getLogger(TestContext.java:76)
at utils.TestContext.getLogger(TestContext.java:76)
at utils.TestContext.getLogger(TestContext.java:76)
at utils.TestContext.getLogger(TestContext.java:76)
at utils.TestContext.getLogger(TestContext.java:76)
at utils.TestContext.getLogger(TestContext.java:76)
at utils.TestContext.getLogger(TestContext.java:76)
at utils.TestContext.getLogger(TestContext.java:76)
at utils.TestContext.getLogger(TestContext.java:76)
at utils.TestContext.getLogger(TestContext.java:76)
at utils.TestContext.getLogger(TestContext.java:76)
at utils.TestContext.getLogger(TestContext.java:76)
at utils.TestContext.getLogger(TestContext.java:76)
at utils.TestContext.getLogger(TestContext.java:76)
at utils.TestContext.getLogger(TestContext.java:76)
at utils.TestContext.getLogger(TestContext.java:76)
at utils.TestContext.getLogger(TestContext.java:76)
at utils.TestContext.getLogger(TestContext.java:76)
at utils.TestContext.getLogger(TestContext.java:76)
at utils.TestContext.getLogger(TestContext.java:76)
at utils.TestContext.getLogger(TestContext.java:76)
at utils.TestContext.getLogger(TestContext.java:76)
at utils.TestContext.getLogger(TestContext.java:76)
at utils.TestContext.getLogger(TestContext.java:76)
at utils.TestContext.getLogger(TestContext.java:76)
at utils.TestContext.getLogger(TestContext.java:76)
at utils.TestContext.getLogger(TestContext.java:76)
at utils.TestContext.getLogger(TestContext.java:76)
at utils.TestContext.getLogger(TestContext.java:76)
at utils.TestContext.getLogger(TestContext.java:76)
at utils.TestContext.getLogger(TestContext.java:76)
at utils.TestContext.getLogger(TestContext.java:76)
at utils.TestContext.getLogger(TestContext.java:76)
at utils.TestContext.getLogger(TestContext.java:76)
at utils.TestContext.getLogger(TestContext.java:76)
at utils.TestContext.getLogger(TestContext.java:76)
at utils.TestContext.getLogger(TestContext.java:76)
at utils.TestContext.getLogger(TestContext.java:76)
at utils.TestContext.getLogger(TestContext.java:76)
at utils.TestContext.getLogger(TestContext.java:76)
at utils.TestContext.getLogger(TestContext.java:76)
at utils.TestContext.getLogger(TestContext.java:76)
at utils.TestContext.getLogger(TestContext.java:76)
at utils.TestContext.getLogger(TestContext.java:76)
at utils.TestContext.getLogger(TestContext.java:76)
at utils.TestContext.getLogger(TestContext.java:76)
at utils.TestContext.getLogger(TestContext.java:76)
at utils.TestContext.getLogger(TestContext.java:76)
at utils.TestContext.getLogger(TestContext.java:76)
at utils.TestContext.getLogger(TestContext.java:76)
at utils.TestContext.getLogger(TestContext.java:76)
at utils.TestContext.getLogger(TestContext.java:76)
at utils.TestContext.getLogger(TestContext.java:76)
at utils.TestContext.getLogger(TestContext.java:76)
at utils.TestContext.getLogger(TestContext.java:76)
at utils.TestContext.getLogger(TestContext.java:76)
at utils.TestContext.getLogger(TestContext.java:76)
at utils.TestContext.getLogger(TestContext.java:76)
at utils.TestContext.getLogger(TestContext.java:76)
at utils.TestContext.getLogger(TestContext.java:76)
at utils.TestContext.getLogger(TestContext.java:76)
at utils.TestContext.getLogger(TestContext.java:76)
at utils.TestContext.getLogger(TestContext.java:76)
at utils.TestContext.getLogger(TestContext.java:76)
at utils.TestContext.getLogger(TestContext.java:76)
at utils.TestContext.getLogger(TestContext.java:76)
at utils.TestContext.getLogger(TestContext.java:76)
at utils.TestContext.getLogger(TestContext.java:76)
at utils.TestContext.getLogger(TestContext.java:76)
at utils.TestContext.getLogger(TestContext.java:76)
at utils.TestContext.getLogger(TestContext.java:76)
at utils.TestContext.getLogger(TestContext.java:76)
at utils.TestContext.getLogger(TestContext.java:76)
at utils.TestContext.getLogger(TestContext.java:76)
at utils.TestContext.getLogger(TestContext.java:76)
at utils.TestContext.getLogger(TestContext.java:76)
at utils.TestContext.getLogger(TestContext.java:76)
at utils.TestContext.getLogger(TestContext.java:76)
at utils.TestContext.getLogger(TestContext.java:76)
at utils.TestContext.getLogger(TestContext.java:76)
at utils.TestContext.getLogger(TestContext.java:76)
at utils.TestContext.getLogger(TestContext.java:76)
at utils.TestContext.getLogger(TestContext.java:76)
at utils.TestContext.getLogger(TestContext.java:76)
at utils.TestContext.getLogger(TestContext.java:76)
at utils.TestContext.getLogger(TestContext.java:76)
at utils.TestContext.getLogger(TestContext.java:76)
at utils.TestContext.getLogger(TestContext.java:76)
at utils.TestContext.getLogger(TestContext.java:76)
at utils.TestContext.getLogger(TestContext.java:76)
at utils.TestContext.getLogger(TestContext.java:76)
at utils.TestContext.getLogger(TestContext.java:76)
at utils.TestContext.getLogger(TestContext.java:76)
at utils.TestContext.getLogger(TestContext.java:76)
at utils.TestContext.getLogger(TestContext.java:76)
at utils.TestContext.getLogger(TestContext.java:76)
at utils.TestContext.getLogger(TestContext.java:76)
at utils.TestContext.getLogger(TestContext.java:76)
at utils.TestContext.getLogger(TestContext.java:76)
at utils.TestContext.getLogger(TestContext.java:76)
at utils.TestContext.getLogger(TestContext.java:76)
at utils.TestContext.getLogger(TestContext.java:76)
at utils.TestContext.getLogger(TestContext.java:76)
at utils.TestContext.getLogger(TestContext.java:76)
at utils.TestContext.getLogger(TestContext.java:76)
at utils.TestContext.getLogger(TestContext.java:76)
at utils.TestContext.getLogger(TestContext.java:76)
at utils.TestContext.getLogger(TestContext.java:76)
at utils.TestContext.getLogger(TestContext.java:76)
at utils.TestContext.getLogger(TestContext.java:76)
at utils.TestContext.getLogger(TestContext.java:76)
at utils.TestContext.getLogger(TestContext.java:76)
at utils.TestContext.getLogger(TestContext.java:76)
at utils.TestContext.getLogger(TestContext.java:76)
at utils.TestContext.getLogger(TestContext.java:76)
at utils.TestContext.getLogger(TestContext.java:76)
at utils.TestContext.getLogger(TestContext.java:76)
at utils.TestContext.getLogger(TestContext.java:76)
at utils.TestContext.getLogger(TestContext.java:76)
at utils.TestContext.getLogger(TestContext.java:76)
at utils.TestContext.getLogger(TestContext.java:76)
at utils.TestContext.getLogger(TestContext.java:76)
at utils.TestContext.getLogger(TestContext.java:76)
at utils.TestContext.getLogger(TestContext.java:76)
at utils.TestContext.getLogger(TestContext.java:76)
at utils.TestContext.getLogger(TestContext.java:76)
at utils.TestContext.getLogger(TestContext.java:76)
at utils.TestContext.getLogger(TestContext.java:76)
at utils.TestContext.getLogger(TestContext.java:76)
at utils.TestContext.getLogger(TestContext.java:76)
at utils.TestContext.getLogger(TestContext.java:76)
at utils.TestContext.getLogger(TestContext.java:76)
at utils.TestContext.getLogger(TestContext.java:76)
at utils.TestContext.getLogger(TestContext.java:76)
at utils.TestContext.getLogger(TestContext.java:76)
at utils.TestContext.getLogger(TestContext.java:76)
at utils.TestContext.getLogger(TestContext.java:76)
at utils.TestContext.getLogger(TestContext.java:76)
at utils.TestContext.getLogger(TestContext.java:76)
at utils.TestContext.getLogger(TestContext.java:76)
at utils.TestContext.getLogger(TestContext.java:76)
at utils.TestContext.getLogger(TestContext.java:76)
at utils.TestContext.getLogger(TestContext.java:76)
at utils.TestContext.getLogger(TestContext.java:76)
at utils.TestContext.getLogger(TestContext.java:76)
at utils.TestContext.getLogger(TestContext.java:76)
at utils.TestContext.getLogger(TestContext.java:76)
at utils.TestContext.getLogger(TestContext.java:76)
at utils.TestContext.getLogger(TestContext.java:76)
at utils.TestContext.getLogger(TestContext.java:76)
at utils.TestContext.getLogger(TestContext.java:76)
at utils.TestContext.getLogger(TestContext.java:76)
at utils.TestContext.getLogger(TestContext.java:76)
at utils.TestContext.getLogger(TestContext.java:76)
at utils.TestContext.getLogger(TestContext.java:76)
at utils.TestContext.getLogger(TestContext.java:76)
at utils.TestContext.getLogger(TestContext.java:76)
at utils.TestContext.getLogger(TestContext.java:76)
at utils.TestContext.getLogger(TestContext.java:76)
at utils.TestContext.getLogger(TestContext.java:76)
at utils.TestContext.getLogger(TestContext.java:76)
at utils.TestContext.getLogger(TestContext.java:76)
at utils.TestContext.getLogger(TestContext.java:76)
at utils.TestContext.getLogger(TestContext.java:76)
at utils.TestContext.getLogger(TestContext.java:76)
at utils.TestContext.getLogger(TestContext.java:76)
at utils.TestContext.getLogger(TestContext.java:76)
at utils.TestContext.getLogger(TestContext.java:76)
at utils.TestContext.getLogger(TestContext.java:76)
at utils.TestContext.getLogger(TestContext.java:76)
at utils.TestContext.getLogger(TestContext.java:76)
at utils.TestContext.getLogger(TestContext.java:76)
at utils.TestContext.getLogger(TestContext.java:76)
at utils.TestContext.getLogger(TestContext.java:76)
at utils.TestContext.getLogger(TestContext.java:76)
at utils.TestContext.getLogger(TestContext.java:76)
at utils.TestContext.getLogger(TestContext.java:76)
at utils.TestContext.getLogger(TestContext.java:76)
at utils.TestContext.getLogger(TestContext.java:76)
at utils.TestContext.getLogger(TestContext.java:76)
at utils.TestContext.getLogger(TestContext.java:76)
at utils.TestContext.getLogger(TestContext.java:76)
at utils.TestContext.getLogger(TestContext.java:76)
at utils.TestContext.getLogger(TestContext.java:76)
at utils.TestContext.getLogger(TestContext.java:76)
at utils.TestContext.getLogger(TestContext.java:76)
at utils.TestContext.getLogger(TestContext.java:76)
at utils.TestContext.getLogger(TestContext.java:76)
at utils.TestContext.getLogger(TestContext.java:76)
at utils.TestContext.getLogger(TestContext.java:76)
at utils.TestContext.getLogger(TestContext.java:76)
at utils.TestContext.getLogger(TestContext.java:76)
at utils.TestContext.getLogger(TestContext.java:76)
at utils.TestContext.getLogger(TestContext.java:76)
at utils.TestContext.getLogger(TestContext.java:76)
at utils.TestContext.getLogger(TestContext.java:76)
at utils.TestContext.getLogger(TestContext.java:76)
at utils.TestContext.getLogger(TestContext.java:76)
at utils.TestContext.getLogger(TestContext.java:76)
at utils.TestContext.getLogger(TestContext.java:76)
at utils.TestContext.getLogger(TestContext.java:76)
at utils.TestContext.getLogger(TestContext.java:76)
at utils.TestContext.getLogger(TestContext.java:76)
at utils.TestContext.getLogger(TestContext.java:76)
at utils.TestContext.getLogger(TestContext.java:76)
at utils.TestContext.getLogger(TestContext.java:76)
at utils.TestContext.getLogger(TestContext.java:76)
at utils.TestContext.getLogger(TestContext.java:76)
at utils.TestContext.getLogger(TestContext.java:76)
at utils.TestContext.getLogger(TestContext.java:76)
at utils.TestContext.getLogger(TestContext.java:76)
at utils.TestContext.getLogger(TestContext.java:76)
at utils.TestContext.getLogger(TestContext.java:76)
at utils.TestContext.getLogger(TestContext.java:76)
at utils.TestContext.getLogger(TestContext.java:76)
at utils.TestContext.getLogger(TestContext.java:76)
at utils.TestContext.getLogger(TestContext.java:76)
at utils.TestContext.getLogger(TestContext.java:76)
at utils.TestContext.getLogger(TestContext.java:76)
at utils.TestContext.getLogger(TestContext.java:76)
at utils.TestContext.getLogger(TestContext.java:76)
at utils.TestContext.getLogger(TestContext.java:76)
at utils.TestContext.getLogger(TestContext.java:76)
at utils.TestContext.getLogger(TestContext.java:76)
at utils.TestContext.getLogger(TestContext.java:76)
at utils.TestContext.getLogger(TestContext.java:76)
at utils.TestContext.getLogger(TestContext.java:76)
at utils.TestContext.getLogger(TestContext.java:76)
at utils.TestContext.getLogger(TestContext.java:76)
at utils.TestContext.getLogger(TestContext.java:76)
at utils.TestContext.getLogger(TestContext.java:76)
at utils.TestContext.getLogger(TestContext.java:76)
at utils.TestContext.getLogger(TestContext.java:76)
at utils.TestContext.getLogger(TestContext.java:76)
at utils.TestContext.getLogger(TestContext.java:76)
at utils.TestContext.getLogger(TestContext.java:76)
at utils.TestContext.getLogger(TestContext.java:76)
at utils.TestContext.getLogger(TestContext.java:76)
at utils.TestContext.getLogger(TestContext.java:76)
at utils.TestContext.getLogger(TestContext.java:76)
at utils.TestContext.getLogger(TestContext.java:76)
at utils.TestContext.getLogger(TestContext.java:76)
at utils.TestContext.getLogger(TestContext.java:76)
at utils.TestContext.getLogger(TestContext.java:76)
at utils.TestContext.getLogger(TestContext.java:76)
at utils.TestContext.getLogger(TestContext.java:76)
at utils.TestContext.getLogger(TestContext.java:76)
at utils.TestContext.getLogger(TestContext.java:76)
at utils.TestContext.getLogger(TestContext.java:76)
at utils.TestContext.getLogger(TestContext.java:76)
at utils.TestContext.getLogger(TestContext.java:76)
at utils.TestContext.getLogger(TestContext.java:76)
at utils.TestContext.getLogger(TestContext.java:76)
at utils.TestContext.getLogger(TestContext.java:76)
at utils.TestContext.getLogger(TestContext.java:76)
at utils.TestContext.getLogger(TestContext.java:76)
at utils.TestContext.getLogger(TestContext.java:76)
at utils.TestContext.getLogger(TestContext.java:76)
at utils.TestContext.getLogger(TestContext.java:76)
at utils.TestContext.getLogger(TestContext.java:76)
at utils.TestContext.getLogger(TestContext.java:76)
at utils.TestContext.getLogger(TestContext.java:76)
at utils.TestContext.getLogger(TestContext.java:76)
at utils.TestContext.getLogger(TestContext.java:76)
at utils.TestContext.getLogger(TestContext.java:76)
at utils.TestContext.getLogger(TestContext.java:76)
at utils.TestContext.getLogger(TestContext.java:76)
at utils.TestContext.getLogger(TestContext.java:76)
at utils.TestContext.getLogger(TestContext.java:76)
at utils.TestContext.getLogger(TestContext.java:76)
at utils.TestContext.getLogger(TestContext.java:76)
at utils.TestContext.getLogger(TestContext.java:76)
at utils.TestContext.getLogger(TestContext.java:76)
at utils.TestContext.getLogger(TestContext.java:76)
at utils.TestContext.getLogger(TestContext.java:76)
at utils.TestContext.getLogger(TestContext.java:76)
at utils.TestContext.getLogger(TestContext.java:76)
at utils.TestContext.getLogger(TestContext.java:76)
at utils.TestContext.getLogger(TestContext.java:76)
at utils.TestContext.getLogger(TestContext.java:76)
at utils.TestContext.getLogger(TestContext.java:76)
at utils.TestContext.getLogger(TestContext.java:76)
at utils.TestContext.getLogger(TestContext.java:76)
at utils.TestContext.getLogger(TestContext.java:76)
at utils.TestContext.getLogger(TestContext.java:76)
at utils.TestContext.getLogger(TestContext.java:76)
at utils.TestContext.getLogger(TestContext.java:76)
at utils.TestContext.getLogger(TestContext.java:76)
at utils.TestContext.getLogger(TestContext.java:76)
at utils.TestContext.getLogger(TestContext.java:76)
at utils.TestContext.getLogger(TestContext.java:76)
at utils.TestContext.getLogger(TestContext.java:76)
at utils.TestContext.getLogger(TestContext.java:76)
at utils.TestContext.getLogger(TestContext.java:76)
at utils.TestContext.getLogger(TestContext.java:76)
at utils.TestContext.getLogger(TestContext.java:76)
at utils.TestContext.getLogger(TestContext.java:76)
at utils.TestContext.getLogger(TestContext.java:76)
at utils.TestContext.getLogger(TestContext.java:76)
at utils.TestContext.getLogger(TestContext.java:76)
at utils.TestContext.getLogger(TestContext.java:76)
at utils.TestContext.getLogger(TestContext.java:76)
at utils.TestContext.getLogger(TestContext.java:76)
at utils.TestContext.getLogger(TestContext.java:76)
at utils.TestContext.getLogger(TestContext.java:76)
at utils.TestContext.getLogger(TestContext.java:76)
at utils.TestContext.getLogger(TestContext.java:76)
at utils.TestContext.getLogger(TestContext.java:76)
at utils.TestContext.getLogger(TestContext.java:76)
at utils.TestContext.getLogger(TestContext.java:76)
at utils.TestContext.getLogger(TestContext.java:76)
at utils.TestContext.getLogger(TestContext.java:76)
at utils.TestContext.getLogger(TestContext.java:76)
at utils.TestContext.getLogger(TestContext.java:76)
at utils.TestContext.getLogger(TestContext.java:76)
at utils.TestContext.getLogger(TestContext.java:76)
at utils.TestContext.getLogger(TestContext.java:76)
at utils.TestContext.getLogger(TestContext.java:76)
at utils.TestContext.getLogger(TestContext.java:76)
at utils.TestContext.getLogger(TestContext.java:76)
at utils.TestContext.getLogger(TestContext.java:76)
at utils.TestContext.getLogger(TestContext.java:76)
at utils.TestContext.getLogger(TestContext.java:76)
at utils.TestContext.getLogger(TestContext.java:76)
at utils.TestContext.getLogger(TestContext.java:76)
at utils.TestContext.getLogger(TestContext.java:76)
at utils.TestContext.getLogger(TestContext.java:76)
at utils.TestContext.getLogger(TestContext.java:76)
at utils.TestContext.getLogger(TestContext.java:76)
at utils.TestContext.getLogger(TestContext.java:76)
at utils.TestContext.getLogger(TestContext.java:76)
at utils.TestContext.getLogger(TestContext.java:76)
at utils.TestContext.getLogger(TestContext.java:76)
at utils.TestContext.getLogger(TestContext.java:76)
at utils.TestContext.getLogger(TestContext.java:76)
at utils.TestContext.getLogger(TestContext.java:76)
at utils.TestContext.getLogger(TestContext.java:76)
at utils.TestContext.getLogger(TestContext.java:76)
at utils.TestContext.getLogger(TestContext.java:76)
at utils.TestContext.getLogger(TestContext.java:76)
at utils.TestContext.getLogger(TestContext.java:76)
at utils.TestContext.getLogger(TestContext.java:76)
at utils.TestContext.getLogger(TestContext.java:76)
at utils.TestContext.getLogger(TestContext.java:76)
at utils.TestContext.getLogger(TestContext.java:76)
at utils.TestContext.getLogger(TestContext.java:76)
at utils.TestContext.getLogger(TestContext.java:76)
at utils.TestContext.getLogger(TestContext.java:76)
at utils.TestContext.getLogger(TestContext.java:76)
at utils.TestContext.getLogger(TestContext.java:76)
at utils.TestContext.getLogger(TestContext.java:76)
at utils.TestContext.getLogger(TestContext.java:76)
at utils.TestContext.getLogger(TestContext.java:76)
at utils.TestContext.getLogger(TestContext.java:76)
at utils.TestContext.getLogger(TestContext.java:76)
at utils.TestContext.getLogger(TestContext.java:76)
at utils.TestContext.getLogger(TestContext.java:76)
at utils.TestContext.getLogger(TestContext.java:76)
at utils.TestContext.getLogger(TestContext.java:76)
at utils.TestContext.getLogger(TestContext.java:76)
at utils.TestContext.getLogger(TestContext.java:76)
at utils.TestContext.getLogger(TestContext.java:76)
at utils.TestContext.getLogger(TestContext.java:76)
at utils.TestContext.getLogger(TestContext.java:76)
at utils.TestContext.getLogger(TestContext.java:76)
at utils.TestContext.getLogger(TestContext.java:76)
at utils.TestContext.getLogger(TestContext.java:76)
at utils.TestContext.getLogger(TestContext.java:76)
at utils.TestContext.getLogger(TestContext.java:76)
at utils.TestContext.getLogger(TestContext.java:76)
at utils.TestContext.getLogger(TestContext.java:76)
at utils.TestContext.getLogger(TestContext.java:76)
at utils.TestContext.getLogger(TestContext.java:76)
at utils.TestContext.getLogger(TestContext.java:76)
at utils.TestContext.getLogger(TestContext.java:76)
at utils.TestContext.getLogger(TestContext.java:76)
at utils.TestContext.getLogger(TestContext.java:76)
at utils.TestContext.getLogger(TestContext.java:76)
at utils.TestContext.getLogger(TestContext.java:76)
at utils.TestContext.getLogger(TestContext.java:76)
at utils.TestContext.getLogger(TestContext.java:76)
at utils.TestContext.getLogger(TestContext.java:76)
at utils.TestContext.getLogger(TestContext.java:76)
at utils.TestContext.getLogger(TestContext.java:76)
at utils.TestContext.getLogger(TestContext.java:76)
at utils.TestContext.getLogger(TestContext.java:76)
at utils.TestContext.getLogger(TestContext.java:76)
at utils.TestContext.getLogger(TestContext.java:76)
at utils.TestContext.getLogger(TestContext.java:76)
at utils.TestContext.getLogger(TestContext.java:76)
at utils.TestContext.getLogger(TestContext.java:76)
at utils.TestContext.getLogger(TestContext.java:76)
at utils.TestContext.getLogger(TestContext.java:76)
at utils.TestContext.getLogger(TestContext.java:76)
at utils.TestContext.getLogger(TestContext.java:76)
at utils.TestContext.getLogger(TestContext.java:76)
at utils.TestContext.getLogger(TestContext.java:76)
at utils.TestContext.getLogger(TestContext.java:76)
at utils.TestContext.getLogger(TestContext.java:76)
at utils.TestContext.getLogger(TestContext.java:76)
at utils.TestContext.getLogger(TestContext.java:76)
at utils.TestContext.getLogger(TestContext.java:76)
at utils.TestContext.getLogger(TestContext.java:76)
at utils.TestContext.getLogger(TestContext.java:76)
at utils.TestContext.getLogger(TestContext.java:76)
at utils.TestContext.getLogger(TestContext.java:76)
at utils.TestContext.getLogger(TestContext.java:76)
at utils.TestContext.getLogger(TestContext.java:76)
at utils.TestContext.getLogger(TestContext.java:76)
at utils.TestContext.getLogger(TestContext.java:76)
at utils.TestContext.getLogger(TestContext.java:76)
at utils.TestContext.getLogger(TestContext.java:76)
at utils.TestContext.getLogger(TestContext.java:76)
at utils.TestContext.getLogger(TestContext.java:76)
at utils.TestContext.getLogger(TestContext.java:76)
at utils.TestContext.getLogger(TestContext.java:76)
at utils.TestContext.getLogger(TestContext.java:76)
at utils.TestContext.getLogger(TestContext.java:76)
at utils.TestContext.getLogger(TestContext.java:76)
at utils.TestContext.getLogger(TestContext.java:76)
at utils.TestContext.getLogger(TestContext.java:76)
at utils.TestContext.getLogger(TestContext.java:76)
at utils.TestContext.getLogger(TestContext.java:76)
at utils.TestContext.getLogger(TestContext.java:76)
at utils.TestContext.getLogger(TestContext.java:76)
at utils.TestContext.getLogger(TestContext.java:76)
at utils.TestContext.getLogger(TestContext.java:76)
at utils.TestContext.getLogger(TestContext.java:76)
at utils.TestContext.getLogger(TestContext.java:76)
at utils.TestContext.getLogger(TestContext.java:76)
at utils.TestContext.getLogger(TestContext.java:76)
at utils.TestContext.getLogger(TestContext.java:76)
at utils.TestContext.getLogger(TestContext.java:76)
at utils.TestContext.getLogger(TestContext.java:76)
at utils.TestContext.getLogger(TestContext.java:76)
at utils.TestContext.getLogger(TestContext.java:76)
at utils.TestContext.getLogger(TestContext.java:76)
at utils.TestContext.getLogger(TestContext.java:76)
at utils.TestContext.getLogger(TestContext.java:76)
at utils.TestContext.getLogger(TestContext.java:76)
at utils.TestContext.getLogger(TestContext.java:76)
at utils.TestContext.getLogger(TestContext.java:76)
at utils.TestContext.getLogger(TestContext.java:76)
at utils.TestContext.getLogger(TestContext.java:76)
at utils.TestContext.getLogger(TestContext.java:76)
at utils.TestContext.getLogger(TestContext.java:76)
at utils.TestContext.getLogger(TestContext.java:76)
at utils.TestContext.getLogger(TestContext.java:76)
at utils.TestContext.getLogger(TestContext.java:76)
at utils.TestContext.getLogger(TestContext.java:76)
at utils.TestContext.getLogger(TestContext.java:76)
at utils.TestContext.getLogger(TestContext.java:76)
at utils.TestContext.getLogger(TestContext.java:76)
at utils.TestContext.getLogger(TestContext.java:76)
at utils.TestContext.getLogger(TestContext.java:76)
at utils.TestContext.getLogger(TestContext.java:76)
at utils.TestContext.getLogger(TestContext.java:76)
at utils.TestContext.getLogger(TestContext.java:76)
at utils.TestContext.getLogger(TestContext.java:76)
at utils.TestContext.getLogger(TestContext.java:76)
at utils.TestContext.getLogger(TestContext.java:76)
at utils.TestContext.getLogger(TestContext.java:76)
at utils.TestContext.getLogger(TestContext.java:76)
at utils.TestContext.getLogger(TestContext.java:76)
at utils.TestContext.getLogger(TestContext.java:76)
at utils.TestContext.getLogger(TestContext.java:76)
at utils.TestContext.getLogger(TestContext.java:76)
at utils.TestContext.getLogger(TestContext.java:76)
at utils.TestContext.getLogger(TestContext.java:76)
at utils.TestContext.getLogger(TestContext.java:76)
at utils.TestContext.getLogger(TestContext.java:76)
at utils.TestContext.getLogger(TestContext.java:76)
at utils.TestContext.getLogger(TestContext.java:76)
at utils.TestContext.getLogger(TestContext.java:76)
at utils.TestContext.getLogger(TestContext.java:76)
at utils.TestContext.getLogger(TestContext.java:76)
at utils.TestContext.getLogger(TestContext.java:76)
at utils.TestContext.getLogger(TestContext.java:76)
at utils.TestContext.getLogger(TestContext.java:76)
at utils.TestContext.getLogger(TestContext.java:76)
at utils.TestContext.getLogger(TestContext.java:76)
at utils.TestContext.getLogger(TestContext.java:76)
at utils.TestContext.getLogger(TestContext.java:76)
at utils.TestContext.getLogger(TestContext.java:76)
at utils.TestContext.getLogger(TestContext.java:76)
at utils.TestContext.getLogger(TestContext.java:76)
at utils.TestContext.getLogger(TestContext.java:76)
at utils.TestContext.getLogger(TestContext.java:76)
at utils.TestContext.getLogger(TestContext.java:76)
at utils.TestContext.getLogger(TestContext.java:76)
at utils.TestContext.getLogger(TestContext.java:76)
at utils.TestContext.getLogger(TestContext.java:76)
at utils.TestContext.getLogger(TestContext.java:76)
at utils.TestContext.getLogger(TestContext.java:76)
at utils.TestContext.getLogger(TestContext.java:76)
at utils.TestContext.getLogger(TestContext.java:76)
at utils.TestContext.getLogger(TestContext.java:76)
at utils.TestContext.getLogger(TestContext.java:76)
at utils.TestContext.getLogger(TestContext.java:76)
at utils.TestContext.getLogger(TestContext.java:76)
at utils.TestContext.getLogger(TestContext.java:76)
at utils.TestContext.getLogger(TestContext.java:76)
at utils.TestContext.getLogger(TestContext.java:76)
at utils.TestContext.getLogger(TestContext.java:76)
at utils.TestContext.getLogger(TestContext.java:76)
at utils.TestContext.getLogger(TestContext.java:76)
at utils.TestContext.getLogger(TestContext.java:76)
at utils.TestContext.getLogger(TestContext.java:76)
at utils.TestContext.getLogger(TestContext.java:76)
at utils.TestContext.getLogger(TestContext.java:76)
at utils.TestContext.getLogger(TestContext.java:76)
at utils.TestContext.getLogger(TestContext.java:76)
at utils.TestContext.getLogger(TestContext.java:76)
at utils.TestContext.getLogger(TestContext.java:76)
at utils.TestContext.getLogger(TestContext.java:76)
at utils.TestContext.getLogger(TestContext.java:76)
at utils.TestContext.getLogger(TestContext.java:76)
at utils.TestContext.getLogger(TestContext.java:76)
at utils.TestContext.getLogger(TestContext.java:76)
at utils.TestContext.getLogger(TestContext.java:76)
at utils.TestContext.getLogger(TestContext.java:76)
]]>
            </full-stacktrace>
          </exception> <!-- java.lang.StackOverflowError -->
          <reporter-output>
          </reporter-output>
        </test-method> <!-- validateArticels -->
        <test-method is-config="true" signature="tearDown()[pri:0, instance:testPackage.TC_003_ArticelsPage@11392934]" started-at="2024-12-23T17:09:51 IST" name="tearDown" finished-at="2024-12-23T17:09:51 IST" duration-ms="100" status="PASS">
          <reporter-output>
          </reporter-output>
        </test-method> <!-- tearDown -->
        <test-method is-config="true" signature="stopReports()[pri:0, instance:testPackage.TC_003_ArticelsPage@11392934]" started-at="2024-12-23T17:09:51 IST" name="stopReports" finished-at="2024-12-23T17:09:51 IST" duration-ms="272" status="PASS">
          <reporter-output>
          </reporter-output>
        </test-method> <!-- stopReports -->
      </class> <!-- testPackage.TC_003_ArticelsPage -->
    </test> <!-- LoginTest_Chrome -->
  </suite> <!-- Suite -->
</testng-results>
