<?xml version="1.0" encoding="UTF-8"?>
<!-- Generated by org.testng.reporters.JUnitReportReporter -->
<testsuite hostname="nd-Lenovo-V130-14IKB" failures="0" tests="1" name="testPackage.TC_003_ArticelsPage" time="4.700" errors="1" timestamp="2024-12-23T17:09:51 IST" skipped="0">
  <testcase classname="testPackage.TC_003_ArticelsPage" name="validateArticels" time="4.700">
    <error type="java.lang.StackOverflowError">
      <![CDATA[java.lang.StackOverflowError
at utils.TestContext.getLogger(TestContext.java:76)
at utils.TestContext.getLogger(TestContext.java:76)
at utils.TestContext.getLogger(TestContext.java:76)
at utils.TestContext.getLogger(TestContext.java:76)
at utils.TestContext.getLogger(TestContext.java:76)
at utils.TestContext.getLogger(TestContext.java:76)
at utils.TestContext.getLogger(TestContext.java:76)
at utils.TestContext.getLogger(TestContext.java:76)
at utils.TestContext.getLogger(TestContext.java:76)
at utils.TestContext.getLogger(TestContext.java:76)
at utils.TestContext.getLogger(TestContext.java:76)
at utils.TestContext.getLogger(TestContext.java:76)
at utils.TestContext.getLogger(TestContext.java:76)
at utils.TestContext.getLogger(TestContext.java:76)
at utils.TestContext.getLogger(TestContext.java:76)
at utils.TestContext.getLogger(TestContext.java:76)
at utils.TestContext.getLogger(TestContext.java:76)
at utils.TestContext.getLogger(TestContext.java:76)
at utils.TestContext.getLogger(TestContext.java:76)
at utils.TestContext.getLogger(TestContext.java:76)
at utils.TestContext.getLogger(TestContext.java:76)
at utils.TestContext.getLogger(TestContext.java:76)
at utils.TestContext.getLogger(TestContext.java:76)
at utils.TestContext.getLogger(TestContext.java:76)
at utils.TestContext.getLogger(TestContext.java:76)
at utils.TestContext.getLogger(TestContext.java:76)
at utils.TestContext.getLogger(TestContext.java:76)
at utils.TestContext.getLogger(TestContext.java:76)
at utils.TestContext.getLogger(TestContext.java:76)
at utils.TestContext.getLogger(TestContext.java:76)
at utils.TestContext.getLogger(TestContext.java:76)
at utils.TestContext.getLogger(TestContext.java:76)
at utils.TestContext.getLogger(TestContext.java:76)
at utils.TestContext.getLogger(TestContext.java:76)
at utils.TestContext.getLogger(TestContext.java:76)
at utils.TestContext.getLogger(TestContext.java:76)
at utils.TestContext.getLogger(TestContext.java:76)
at utils.TestContext.getLogger(TestContext.java:76)
at utils.TestContext.getLogger(TestContext.java:76)
at utils.TestContext.getLogger(TestContext.java:76)
at utils.TestContext.getLogger(TestContext.java:76)
at utils.TestContext.getLogger(TestContext.java:76)
at utils.TestContext.getLogger(TestContext.java:76)
at utils.TestContext.getLogger(TestContext.java:76)
at utils.TestContext.getLogger(TestContext.java:76)
at utils.TestContext.getLogger(TestContext.java:76)
at utils.TestContext.getLogger(TestContext.java:76)
at utils.TestContext.getLogger(TestContext.java:76)
at utils.TestContext.getLogger(TestContext.java:76)
at utils.TestContext.getLogger(TestContext.java:76)
at utils.TestContext.getLogger(TestContext.java:76)
at utils.TestContext.getLogger(TestContext.java:76)
at utils.TestContext.getLogger(TestContext.java:76)
at utils.TestContext.getLogger(TestContext.java:76)
at utils.TestContext.getLogger(TestContext.java:76)
at utils.TestContext.getLogger(TestContext.java:76)
at utils.TestContext.getLogger(TestContext.java:76)
at utils.TestContext.getLogger(TestContext.java:76)
at utils.TestContext.getLogger(TestContext.java:76)
at utils.TestContext.getLogger(TestContext.java:76)
at utils.TestContext.getLogger(TestContext.java:76)
at utils.TestContext.getLogger(TestContext.java:76)
at utils.TestContext.getLogger(TestContext.java:76)
at utils.TestContext.getLogger(TestContext.java:76)
at utils.TestContext.getLogger(TestContext.java:76)
at utils.TestContext.getLogger(TestContext.java:76)
at utils.TestContext.getLogger(TestContext.java:76)
at utils.TestContext.getLogger(TestContext.java:76)
at utils.TestContext.getLogger(TestContext.java:76)
at utils.TestContext.getLogger(TestContext.java:76)
at utils.TestContext.getLogger(TestContext.java:76)
at utils.TestContext.getLogger(TestContext.java:76)
at utils.TestContext.getLogger(TestContext.java:76)
at utils.TestContext.getLogger(TestContext.java:76)
at utils.TestContext.getLogger(TestContext.java:76)
at utils.TestContext.getLogger(TestContext.java:76)
at utils.TestContext.getLogger(TestContext.java:76)
at utils.TestContext.getLogger(TestContext.java:76)
at utils.TestContext.getLogger(TestContext.java:76)
at utils.TestContext.getLogger(TestContext.java:76)
at utils.TestContext.getLogger(TestContext.java:76)
at utils.TestContext.getLogger(TestContext.java:76)
at utils.TestContext.getLogger(TestContext.java:76)
at utils.TestContext.getLogger(TestContext.java:76)
at utils.TestContext.getLogger(TestContext.java:76)
at utils.TestContext.getLogger(TestContext.java:76)
at utils.TestContext.getLogger(TestContext.java:76)
at utils.TestContext.getLogger(TestContext.java:76)
at utils.TestContext.getLogger(TestContext.java:76)
at utils.TestContext.getLogger(TestContext.java:76)
at utils.TestContext.getLogger(TestContext.java:76)
at utils.TestContext.getLogger(TestContext.java:76)
at utils.TestContext.getLogger(TestContext.java:76)
at utils.TestContext.getLogger(TestContext.java:76)
at utils.TestContext.getLogger(TestContext.java:76)
at utils.TestContext.getLogger(TestContext.java:76)
at utils.TestContext.getLogger(TestContext.java:76)
at utils.TestContext.getLogger(TestContext.java:76)
at utils.TestContext.getLogger(TestContext.java:76)
at utils.TestContext.getLogger(TestContext.java:76)
at utils.TestContext.getLogger(TestContext.java:76)
at utils.TestContext.getLogger(TestContext.java:76)
at utils.TestContext.getLogger(TestContext.java:76)
at utils.TestContext.getLogger(TestContext.java:76)
at utils.TestContext.getLogger(TestContext.java:76)
at utils.TestContext.getLogger(TestContext.java:76)
at utils.TestContext.getLogger(TestContext.java:76)
at utils.TestContext.getLogger(TestContext.java:76)
at utils.TestContext.getLogger(TestContext.java:76)
at utils.TestContext.getLogger(TestContext.java:76)
at utils.TestContext.getLogger(TestContext.java:76)
at utils.TestContext.getLogger(TestContext.java:76)
at utils.TestContext.getLogger(TestContext.java:76)
at utils.TestContext.getLogger(TestContext.java:76)
at utils.TestContext.getLogger(TestContext.java:76)
at utils.TestContext.getLogger(TestContext.java:76)
at utils.TestContext.getLogger(TestContext.java:76)
at utils.TestContext.getLogger(TestContext.java:76)
at utils.TestContext.getLogger(TestContext.java:76)
at utils.TestContext.getLogger(TestContext.java:76)
at utils.TestContext.getLogger(TestContext.java:76)
at utils.TestContext.getLogger(TestContext.java:76)
at utils.TestContext.getLogger(TestContext.java:76)
at utils.TestContext.getLogger(TestContext.java:76)
at utils.TestContext.getLogger(TestContext.java:76)
at utils.TestContext.getLogger(TestContext.java:76)
at utils.TestContext.getLogger(TestContext.java:76)
at utils.TestContext.getLogger(TestContext.java:76)
at utils.TestContext.getLogger(TestContext.java:76)
at utils.TestContext.getLogger(TestContext.java:76)
at utils.TestContext.getLogger(TestContext.java:76)
at utils.TestContext.getLogger(TestContext.java:76)
at utils.TestContext.getLogger(TestContext.java:76)
at utils.TestContext.getLogger(TestContext.java:76)
at utils.TestContext.getLogger(TestContext.java:76)
at utils.TestContext.getLogger(TestContext.java:76)
at utils.TestContext.getLogger(TestContext.java:76)
at utils.TestContext.getLogger(TestContext.java:76)
at utils.TestContext.getLogger(TestContext.java:76)
at utils.TestContext.getLogger(TestContext.java:76)
at utils.TestContext.getLogger(TestContext.java:76)
at utils.TestContext.getLogger(TestContext.java:76)
at utils.TestContext.getLogger(TestContext.java:76)
at utils.TestContext.getLogger(TestContext.java:76)
at utils.TestContext.getLogger(TestContext.java:76)
at utils.TestContext.getLogger(TestContext.java:76)
at utils.TestContext.getLogger(TestContext.java:76)
at utils.TestContext.getLogger(TestContext.java:76)
at utils.TestContext.getLogger(TestContext.java:76)
at utils.TestContext.getLogger(TestContext.java:76)
at utils.TestContext.getLogger(TestContext.java:76)
at utils.TestContext.getLogger(TestContext.java:76)
at utils.TestContext.getLogger(TestContext.java:76)
at utils.TestContext.getLogger(TestContext.java:76)
at utils.TestContext.getLogger(TestContext.java:76)
at utils.TestContext.getLogger(TestContext.java:76)
at utils.TestContext.getLogger(TestContext.java:76)
at utils.TestContext.getLogger(TestContext.java:76)
at utils.TestContext.getLogger(TestContext.java:76)
at utils.TestContext.getLogger(TestContext.java:76)
at utils.TestContext.getLogger(TestContext.java:76)
at utils.TestContext.getLogger(TestContext.java:76)
at utils.TestContext.getLogger(TestContext.java:76)
at utils.TestContext.getLogger(TestContext.java:76)
at utils.TestContext.getLogger(TestContext.java:76)
at utils.TestContext.getLogger(TestContext.java:76)
at utils.TestContext.getLogger(TestContext.java:76)
at utils.TestContext.getLogger(TestContext.java:76)
at utils.TestContext.getLogger(TestContext.java:76)
at utils.TestContext.getLogger(TestContext.java:76)
at utils.TestContext.getLogger(TestContext.java:76)
at utils.TestContext.getLogger(TestContext.java:76)
at utils.TestContext.getLogger(TestContext.java:76)
at utils.TestContext.getLogger(TestContext.java:76)
at utils.TestContext.getLogger(TestContext.java:76)
at utils.TestContext.getLogger(TestContext.java:76)
at utils.TestContext.getLogger(TestContext.java:76)
at utils.TestContext.getLogger(TestContext.java:76)
at utils.TestContext.getLogger(TestContext.java:76)
at utils.TestContext.getLogger(TestContext.java:76)
at utils.TestContext.getLogger(TestContext.java:76)
at utils.TestContext.getLogger(TestContext.java:76)
at utils.TestContext.getLogger(TestContext.java:76)
at utils.TestContext.getLogger(TestContext.java:76)
at utils.TestContext.getLogger(TestContext.java:76)
at utils.TestContext.getLogger(TestContext.java:76)
at utils.TestContext.getLogger(TestContext.java:76)
at utils.TestContext.getLogger(TestContext.java:76)
at utils.TestContext.getLogger(TestContext.java:76)
at utils.TestContext.getLogger(TestContext.java:76)
at utils.TestContext.getLogger(TestContext.java:76)
at utils.TestContext.getLogger(TestContext.java:76)
at utils.TestContext.getLogger(TestContext.java:76)
at utils.TestContext.getLogger(TestContext.java:76)
at utils.TestContext.getLogger(TestContext.java:76)
at utils.TestContext.getLogger(TestContext.java:76)
at utils.TestContext.getLogger(TestContext.java:76)
at utils.TestContext.getLogger(TestContext.java:76)
at utils.TestContext.getLogger(TestContext.java:76)
at utils.TestContext.getLogger(TestContext.java:76)
at utils.TestContext.getLogger(TestContext.java:76)
at utils.TestContext.getLogger(TestContext.java:76)
at utils.TestContext.getLogger(TestContext.java:76)
at utils.TestContext.getLogger(TestContext.java:76)
at utils.TestContext.getLogger(TestContext.java:76)
at utils.TestContext.getLogger(TestContext.java:76)
at utils.TestContext.getLogger(TestContext.java:76)
at utils.TestContext.getLogger(TestContext.java:76)
at utils.TestContext.getLogger(TestContext.java:76)
at utils.TestContext.getLogger(TestContext.java:76)
at utils.TestContext.getLogger(TestContext.java:76)
at utils.TestContext.getLogger(TestContext.java:76)
at utils.TestContext.getLogger(TestContext.java:76)
at utils.TestContext.getLogger(TestContext.java:76)
at utils.TestContext.getLogger(TestContext.java:76)
at utils.TestContext.getLogger(TestContext.java:76)
at utils.TestContext.getLogger(TestContext.java:76)
at utils.TestContext.getLogger(TestContext.java:76)
at utils.TestContext.getLogger(TestContext.java:76)
at utils.TestContext.getLogger(TestContext.java:76)
at utils.TestContext.getLogger(TestContext.java:76)
at utils.TestContext.getLogger(TestContext.java:76)
at utils.TestContext.getLogger(TestContext.java:76)
at utils.TestContext.getLogger(TestContext.java:76)
at utils.TestContext.getLogger(TestContext.java:76)
at utils.TestContext.getLogger(TestContext.java:76)
at utils.TestContext.getLogger(TestContext.java:76)
at utils.TestContext.getLogger(TestContext.java:76)
at utils.TestContext.getLogger(TestContext.java:76)
at utils.TestContext.getLogger(TestContext.java:76)
at utils.TestContext.getLogger(TestContext.java:76)
at utils.TestContext.getLogger(TestContext.java:76)
at utils.TestContext.getLogger(TestContext.java:76)
at utils.TestContext.getLogger(TestContext.java:76)
at utils.TestContext.getLogger(TestContext.java:76)
at utils.TestContext.getLogger(TestContext.java:76)
at utils.TestContext.getLogger(TestContext.java:76)
at utils.TestContext.getLogger(TestContext.java:76)
at utils.TestContext.getLogger(TestContext.java:76)
at utils.TestContext.getLogger(TestContext.java:76)
at utils.TestContext.getLogger(TestContext.java:76)
at utils.TestContext.getLogger(TestContext.java:76)
at utils.TestContext.getLogger(TestContext.java:76)
at utils.TestContext.getLogger(TestContext.java:76)
at utils.TestContext.getLogger(TestContext.java:76)
at utils.TestContext.getLogger(TestContext.java:76)
at utils.TestContext.getLogger(TestContext.java:76)
at utils.TestContext.getLogger(TestContext.java:76)
at utils.TestContext.getLogger(TestContext.java:76)
at utils.TestContext.getLogger(TestContext.java:76)
at utils.TestContext.getLogger(TestContext.java:76)
at utils.TestContext.getLogger(TestContext.java:76)
at utils.TestContext.getLogger(TestContext.java:76)
at utils.TestContext.getLogger(TestContext.java:76)
at utils.TestContext.getLogger(TestContext.java:76)
at utils.TestContext.getLogger(TestContext.java:76)
at utils.TestContext.getLogger(TestContext.java:76)
at utils.TestContext.getLogger(TestContext.java:76)
at utils.TestContext.getLogger(TestContext.java:76)
at utils.TestContext.getLogger(TestContext.java:76)
at utils.TestContext.getLogger(TestContext.java:76)
at utils.TestContext.getLogger(TestContext.java:76)
at utils.TestContext.getLogger(TestContext.java:76)
at utils.TestContext.getLogger(TestContext.java:76)
at utils.TestContext.getLogger(TestContext.java:76)
at utils.TestContext.getLogger(TestContext.java:76)
at utils.TestContext.getLogger(TestContext.java:76)
at utils.TestContext.getLogger(TestContext.java:76)
at utils.TestContext.getLogger(TestContext.java:76)
at utils.TestContext.getLogger(TestContext.java:76)
at utils.TestContext.getLogger(TestContext.java:76)
at utils.TestContext.getLogger(TestContext.java:76)
at utils.TestContext.getLogger(TestContext.java:76)
at utils.TestContext.getLogger(TestContext.java:76)
at utils.TestContext.getLogger(TestContext.java:76)
at utils.TestContext.getLogger(TestContext.java:76)
at utils.TestContext.getLogger(TestContext.java:76)
at utils.TestContext.getLogger(TestContext.java:76)
at utils.TestContext.getLogger(TestContext.java:76)
at utils.TestContext.getLogger(TestContext.java:76)
at utils.TestContext.getLogger(TestContext.java:76)
at utils.TestContext.getLogger(TestContext.java:76)
at utils.TestContext.getLogger(TestContext.java:76)
at utils.TestContext.getLogger(TestContext.java:76)
at utils.TestContext.getLogger(TestContext.java:76)
at utils.TestContext.getLogger(TestContext.java:76)
at utils.TestContext.getLogger(TestContext.java:76)
at utils.TestContext.getLogger(TestContext.java:76)
at utils.TestContext.getLogger(TestContext.java:76)
at utils.TestContext.getLogger(TestContext.java:76)
at utils.TestContext.getLogger(TestContext.java:76)
at utils.TestContext.getLogger(TestContext.java:76)
at utils.TestContext.getLogger(TestContext.java:76)
at utils.TestContext.getLogger(TestContext.java:76)
at utils.TestContext.getLogger(TestContext.java:76)
at utils.TestContext.getLogger(TestContext.java:76)
at utils.TestContext.getLogger(TestContext.java:76)
at utils.TestContext.getLogger(TestContext.java:76)
at utils.TestContext.getLogger(TestContext.java:76)
at utils.TestContext.getLogger(TestContext.java:76)
at utils.TestContext.getLogger(TestContext.java:76)
at utils.TestContext.getLogger(TestContext.java:76)
at utils.TestContext.getLogger(TestContext.java:76)
at utils.TestContext.getLogger(TestContext.java:76)
at utils.TestContext.getLogger(TestContext.java:76)
at utils.TestContext.getLogger(TestContext.java:76)
at utils.TestContext.getLogger(TestContext.java:76)
at utils.TestContext.getLogger(TestContext.java:76)
at utils.TestContext.getLogger(TestContext.java:76)
at utils.TestContext.getLogger(TestContext.java:76)
at utils.TestContext.getLogger(TestContext.java:76)
at utils.TestContext.getLogger(TestContext.java:76)
at utils.TestContext.getLogger(TestContext.java:76)
at utils.TestContext.getLogger(TestContext.java:76)
at utils.TestContext.getLogger(TestContext.java:76)
at utils.TestContext.getLogger(TestContext.java:76)
at utils.TestContext.getLogger(TestContext.java:76)
at utils.TestContext.getLogger(TestContext.java:76)
at utils.TestContext.getLogger(TestContext.java:76)
at utils.TestContext.getLogger(TestContext.java:76)
at utils.TestContext.getLogger(TestContext.java:76)
at utils.TestContext.getLogger(TestContext.java:76)
at utils.TestContext.getLogger(TestContext.java:76)
at utils.TestContext.getLogger(TestContext.java:76)
at utils.TestContext.getLogger(TestContext.java:76)
at utils.TestContext.getLogger(TestContext.java:76)
at utils.TestContext.getLogger(TestContext.java:76)
at utils.TestContext.getLogger(TestContext.java:76)
at utils.TestContext.getLogger(TestContext.java:76)
at utils.TestContext.getLogger(TestContext.java:76)
at utils.TestContext.getLogger(TestContext.java:76)
at utils.TestContext.getLogger(TestContext.java:76)
at utils.TestContext.getLogger(TestContext.java:76)
at utils.TestContext.getLogger(TestContext.java:76)
at utils.TestContext.getLogger(TestContext.java:76)
at utils.TestContext.getLogger(TestContext.java:76)
at utils.TestContext.getLogger(TestContext.java:76)
at utils.TestContext.getLogger(TestContext.java:76)
at utils.TestContext.getLogger(TestContext.java:76)
at utils.TestContext.getLogger(TestContext.java:76)
at utils.TestContext.getLogger(TestContext.java:76)
at utils.TestContext.getLogger(TestContext.java:76)
at utils.TestContext.getLogger(TestContext.java:76)
at utils.TestContext.getLogger(TestContext.java:76)
at utils.TestContext.getLogger(TestContext.java:76)
at utils.TestContext.getLogger(TestContext.java:76)
at utils.TestContext.getLogger(TestContext.java:76)
at utils.TestContext.getLogger(TestContext.java:76)
at utils.TestContext.getLogger(TestContext.java:76)
at utils.TestContext.getLogger(TestContext.java:76)
at utils.TestContext.getLogger(TestContext.java:76)
at utils.TestContext.getLogger(TestContext.java:76)
at utils.TestContext.getLogger(TestContext.java:76)
at utils.TestContext.getLogger(TestContext.java:76)
at utils.TestContext.getLogger(TestContext.java:76)
at utils.TestContext.getLogger(TestContext.java:76)
at utils.TestContext.getLogger(TestContext.java:76)
at utils.TestContext.getLogger(TestContext.java:76)
at utils.TestContext.getLogger(TestContext.java:76)
at utils.TestContext.getLogger(TestContext.java:76)
at utils.TestContext.getLogger(TestContext.java:76)
at utils.TestContext.getLogger(TestContext.java:76)
at utils.TestContext.getLogger(TestContext.java:76)
at utils.TestContext.getLogger(TestContext.java:76)
at utils.TestContext.getLogger(TestContext.java:76)
at utils.TestContext.getLogger(TestContext.java:76)
at utils.TestContext.getLogger(TestContext.java:76)
at utils.TestContext.getLogger(TestContext.java:76)
at utils.TestContext.getLogger(TestContext.java:76)
at utils.TestContext.getLogger(TestContext.java:76)
at utils.TestContext.getLogger(TestContext.java:76)
at utils.TestContext.getLogger(TestContext.java:76)
at utils.TestContext.getLogger(TestContext.java:76)
at utils.TestContext.getLogger(TestContext.java:76)
at utils.TestContext.getLogger(TestContext.java:76)
at utils.TestContext.getLogger(TestContext.java:76)
at utils.TestContext.getLogger(TestContext.java:76)
at utils.TestContext.getLogger(TestContext.java:76)
at utils.TestContext.getLogger(TestContext.java:76)
at utils.TestContext.getLogger(TestContext.java:76)
at utils.TestContext.getLogger(TestContext.java:76)
at utils.TestContext.getLogger(TestContext.java:76)
at utils.TestContext.getLogger(TestContext.java:76)
at utils.TestContext.getLogger(TestContext.java:76)
at utils.TestContext.getLogger(TestContext.java:76)
at utils.TestContext.getLogger(TestContext.java:76)
at utils.TestContext.getLogger(TestContext.java:76)
at utils.TestContext.getLogger(TestContext.java:76)
at utils.TestContext.getLogger(TestContext.java:76)
at utils.TestContext.getLogger(TestContext.java:76)
at utils.TestContext.getLogger(TestContext.java:76)
at utils.TestContext.getLogger(TestContext.java:76)
at utils.TestContext.getLogger(TestContext.java:76)
at utils.TestContext.getLogger(TestContext.java:76)
at utils.TestContext.getLogger(TestContext.java:76)
at utils.TestContext.getLogger(TestContext.java:76)
at utils.TestContext.getLogger(TestContext.java:76)
at utils.TestContext.getLogger(TestContext.java:76)
at utils.TestContext.getLogger(TestContext.java:76)
at utils.TestContext.getLogger(TestContext.java:76)
at utils.TestContext.getLogger(TestContext.java:76)
at utils.TestContext.getLogger(TestContext.java:76)
at utils.TestContext.getLogger(TestContext.java:76)
at utils.TestContext.getLogger(TestContext.java:76)
at utils.TestContext.getLogger(TestContext.java:76)
at utils.TestContext.getLogger(TestContext.java:76)
at utils.TestContext.getLogger(TestContext.java:76)
at utils.TestContext.getLogger(TestContext.java:76)
at utils.TestContext.getLogger(TestContext.java:76)
at utils.TestContext.getLogger(TestContext.java:76)
at utils.TestContext.getLogger(TestContext.java:76)
at utils.TestContext.getLogger(TestContext.java:76)
at utils.TestContext.getLogger(TestContext.java:76)
at utils.TestContext.getLogger(TestContext.java:76)
at utils.TestContext.getLogger(TestContext.java:76)
at utils.TestContext.getLogger(TestContext.java:76)
at utils.TestContext.getLogger(TestContext.java:76)
at utils.TestContext.getLogger(TestContext.java:76)
at utils.TestContext.getLogger(TestContext.java:76)
at utils.TestContext.getLogger(TestContext.java:76)
at utils.TestContext.getLogger(TestContext.java:76)
at utils.TestContext.getLogger(TestContext.java:76)
at utils.TestContext.getLogger(TestContext.java:76)
at utils.TestContext.getLogger(TestContext.java:76)
at utils.TestContext.getLogger(TestContext.java:76)
at utils.TestContext.getLogger(TestContext.java:76)
at utils.TestContext.getLogger(TestContext.java:76)
at utils.TestContext.getLogger(TestContext.java:76)
at utils.TestContext.getLogger(TestContext.java:76)
at utils.TestContext.getLogger(TestContext.java:76)
at utils.TestContext.getLogger(TestContext.java:76)
at utils.TestContext.getLogger(TestContext.java:76)
at utils.TestContext.getLogger(TestContext.java:76)
at utils.TestContext.getLogger(TestContext.java:76)
at utils.TestContext.getLogger(TestContext.java:76)
at utils.TestContext.getLogger(TestContext.java:76)
at utils.TestContext.getLogger(TestContext.java:76)
at utils.TestContext.getLogger(TestContext.java:76)
at utils.TestContext.getLogger(TestContext.java:76)
at utils.TestContext.getLogger(TestContext.java:76)
at utils.TestContext.getLogger(TestContext.java:76)
at utils.TestContext.getLogger(TestContext.java:76)
at utils.TestContext.getLogger(TestContext.java:76)
at utils.TestContext.getLogger(TestContext.java:76)
at utils.TestContext.getLogger(TestContext.java:76)
at utils.TestContext.getLogger(TestContext.java:76)
at utils.TestContext.getLogger(TestContext.java:76)
at utils.TestContext.getLogger(TestContext.java:76)
at utils.TestContext.getLogger(TestContext.java:76)
at utils.TestContext.getLogger(TestContext.java:76)
at utils.TestContext.getLogger(TestContext.java:76)
at utils.TestContext.getLogger(TestContext.java:76)
at utils.TestContext.getLogger(TestContext.java:76)
at utils.TestContext.getLogger(TestContext.java:76)
at utils.TestContext.getLogger(TestContext.java:76)
at utils.TestContext.getLogger(TestContext.java:76)
at utils.TestContext.getLogger(TestContext.java:76)
at utils.TestContext.getLogger(TestContext.java:76)
at utils.TestContext.getLogger(TestContext.java:76)
at utils.TestContext.getLogger(TestContext.java:76)
at utils.TestContext.getLogger(TestContext.java:76)
at utils.TestContext.getLogger(TestContext.java:76)
at utils.TestContext.getLogger(TestContext.java:76)
at utils.TestContext.getLogger(TestContext.java:76)
at utils.TestContext.getLogger(TestContext.java:76)
at utils.TestContext.getLogger(TestContext.java:76)
at utils.TestContext.getLogger(TestContext.java:76)
at utils.TestContext.getLogger(TestContext.java:76)
at utils.TestContext.getLogger(TestContext.java:76)
at utils.TestContext.getLogger(TestContext.java:76)
at utils.TestContext.getLogger(TestContext.java:76)
at utils.TestContext.getLogger(TestContext.java:76)
at utils.TestContext.getLogger(TestContext.java:76)
at utils.TestContext.getLogger(TestContext.java:76)
at utils.TestContext.getLogger(TestContext.java:76)
at utils.TestContext.getLogger(TestContext.java:76)
at utils.TestContext.getLogger(TestContext.java:76)
at utils.TestContext.getLogger(TestContext.java:76)
at utils.TestContext.getLogger(TestContext.java:76)
at utils.TestContext.getLogger(TestContext.java:76)
at utils.TestContext.getLogger(TestContext.java:76)
at utils.TestContext.getLogger(TestContext.java:76)
at utils.TestContext.getLogger(TestContext.java:76)
at utils.TestContext.getLogger(TestContext.java:76)
at utils.TestContext.getLogger(TestContext.java:76)
at utils.TestContext.getLogger(TestContext.java:76)
at utils.TestContext.getLogger(TestContext.java:76)
at utils.TestContext.getLogger(TestContext.java:76)
at utils.TestContext.getLogger(TestContext.java:76)
at utils.TestContext.getLogger(TestContext.java:76)
at utils.TestContext.getLogger(TestContext.java:76)
at utils.TestContext.getLogger(TestContext.java:76)
at utils.TestContext.getLogger(TestContext.java:76)
at utils.TestContext.getLogger(TestContext.java:76)
at utils.TestContext.getLogger(TestContext.java:76)
at utils.TestContext.getLogger(TestContext.java:76)
at utils.TestContext.getLogger(TestContext.java:76)
at utils.TestContext.getLogger(TestContext.java:76)
at utils.TestContext.getLogger(TestContext.java:76)
at utils.TestContext.getLogger(TestContext.java:76)
at utils.TestContext.getLogger(TestContext.java:76)
at utils.TestContext.getLogger(TestContext.java:76)
at utils.TestContext.getLogger(TestContext.java:76)
at utils.TestContext.getLogger(TestContext.java:76)
at utils.TestContext.getLogger(TestContext.java:76)
at utils.TestContext.getLogger(TestContext.java:76)
at utils.TestContext.getLogger(TestContext.java:76)
at utils.TestContext.getLogger(TestContext.java:76)
at utils.TestContext.getLogger(TestContext.java:76)
at utils.TestContext.getLogger(TestContext.java:76)
at utils.TestContext.getLogger(TestContext.java:76)
at utils.TestContext.getLogger(TestContext.java:76)
at utils.TestContext.getLogger(TestContext.java:76)
at utils.TestContext.getLogger(TestContext.java:76)
at utils.TestContext.getLogger(TestContext.java:76)
at utils.TestContext.getLogger(TestContext.java:76)
at utils.TestContext.getLogger(TestContext.java:76)
at utils.TestContext.getLogger(TestContext.java:76)
at utils.TestContext.getLogger(TestContext.java:76)
at utils.TestContext.getLogger(TestContext.java:76)
at utils.TestContext.getLogger(TestContext.java:76)
at utils.TestContext.getLogger(TestContext.java:76)
at utils.TestContext.getLogger(TestContext.java:76)
at utils.TestContext.getLogger(TestContext.java:76)
at utils.TestContext.getLogger(TestContext.java:76)
at utils.TestContext.getLogger(TestContext.java:76)
at utils.TestContext.getLogger(TestContext.java:76)
at utils.TestContext.getLogger(TestContext.java:76)
at utils.TestContext.getLogger(TestContext.java:76)
at utils.TestContext.getLogger(TestContext.java:76)
at utils.TestContext.getLogger(TestContext.java:76)
at utils.TestContext.getLogger(TestContext.java:76)
at utils.TestContext.getLogger(TestContext.java:76)
at utils.TestContext.getLogger(TestContext.java:76)
at utils.TestContext.getLogger(TestContext.java:76)
at utils.TestContext.getLogger(TestContext.java:76)
at utils.TestContext.getLogger(TestContext.java:76)
at utils.TestContext.getLogger(TestContext.java:76)
at utils.TestContext.getLogger(TestContext.java:76)
at utils.TestContext.getLogger(TestContext.java:76)
at utils.TestContext.getLogger(TestContext.java:76)
at utils.TestContext.getLogger(TestContext.java:76)
at utils.TestContext.getLogger(TestContext.java:76)
at utils.TestContext.getLogger(TestContext.java:76)
at utils.TestContext.getLogger(TestContext.java:76)
at utils.TestContext.getLogger(TestContext.java:76)
at utils.TestContext.getLogger(TestContext.java:76)
at utils.TestContext.getLogger(TestContext.java:76)
at utils.TestContext.getLogger(TestContext.java:76)
at utils.TestContext.getLogger(TestContext.java:76)
at utils.TestContext.getLogger(TestContext.java:76)
at utils.TestContext.getLogger(TestContext.java:76)
at utils.TestContext.getLogger(TestContext.java:76)
at utils.TestContext.getLogger(TestContext.java:76)
at utils.TestContext.getLogger(TestContext.java:76)
at utils.TestContext.getLogger(TestContext.java:76)
at utils.TestContext.getLogger(TestContext.java:76)
at utils.TestContext.getLogger(TestContext.java:76)
at utils.TestContext.getLogger(TestContext.java:76)
at utils.TestContext.getLogger(TestContext.java:76)
at utils.TestContext.getLogger(TestContext.java:76)
at utils.TestContext.getLogger(TestContext.java:76)
at utils.TestContext.getLogger(TestContext.java:76)
at utils.TestContext.getLogger(TestContext.java:76)
at utils.TestContext.getLogger(TestContext.java:76)
at utils.TestContext.getLogger(TestContext.java:76)
at utils.TestContext.getLogger(TestContext.java:76)
at utils.TestContext.getLogger(TestContext.java:76)
at utils.TestContext.getLogger(TestContext.java:76)
at utils.TestContext.getLogger(TestContext.java:76)
at utils.TestContext.getLogger(TestContext.java:76)
at utils.TestContext.getLogger(TestContext.java:76)
at utils.TestContext.getLogger(TestContext.java:76)
at utils.TestContext.getLogger(TestContext.java:76)
at utils.TestContext.getLogger(TestContext.java:76)
at utils.TestContext.getLogger(TestContext.java:76)
at utils.TestContext.getLogger(TestContext.java:76)
at utils.TestContext.getLogger(TestContext.java:76)
at utils.TestContext.getLogger(TestContext.java:76)
at utils.TestContext.getLogger(TestContext.java:76)
at utils.TestContext.getLogger(TestContext.java:76)
at utils.TestContext.getLogger(TestContext.java:76)
at utils.TestContext.getLogger(TestContext.java:76)
at utils.TestContext.getLogger(TestContext.java:76)
at utils.TestContext.getLogger(TestContext.java:76)
at utils.TestContext.getLogger(TestContext.java:76)
at utils.TestContext.getLogger(TestContext.java:76)
at utils.TestContext.getLogger(TestContext.java:76)
at utils.TestContext.getLogger(TestContext.java:76)
at utils.TestContext.getLogger(TestContext.java:76)
at utils.TestContext.getLogger(TestContext.java:76)
at utils.TestContext.getLogger(TestContext.java:76)
at utils.TestContext.getLogger(TestContext.java:76)
at utils.TestContext.getLogger(TestContext.java:76)
at utils.TestContext.getLogger(TestContext.java:76)
at utils.TestContext.getLogger(TestContext.java:76)
at utils.TestContext.getLogger(TestContext.java:76)
at utils.TestContext.getLogger(TestContext.java:76)
at utils.TestContext.getLogger(TestContext.java:76)
at utils.TestContext.getLogger(TestContext.java:76)
at utils.TestContext.getLogger(TestContext.java:76)
at utils.TestContext.getLogger(TestContext.java:76)
at utils.TestContext.getLogger(TestContext.java:76)
at utils.TestContext.getLogger(TestContext.java:76)
at utils.TestContext.getLogger(TestContext.java:76)
at utils.TestContext.getLogger(TestContext.java:76)
at utils.TestContext.getLogger(TestContext.java:76)
at utils.TestContext.getLogger(TestContext.java:76)
at utils.TestContext.getLogger(TestContext.java:76)
at utils.TestContext.getLogger(TestContext.java:76)
at utils.TestContext.getLogger(TestContext.java:76)
at utils.TestContext.getLogger(TestContext.java:76)
at utils.TestContext.getLogger(TestContext.java:76)
at utils.TestContext.getLogger(TestContext.java:76)
at utils.TestContext.getLogger(TestContext.java:76)
at utils.TestContext.getLogger(TestContext.java:76)
at utils.TestContext.getLogger(TestContext.java:76)
at utils.TestContext.getLogger(TestContext.java:76)
at utils.TestContext.getLogger(TestContext.java:76)
at utils.TestContext.getLogger(TestContext.java:76)
at utils.TestContext.getLogger(TestContext.java:76)
at utils.TestContext.getLogger(TestContext.java:76)
at utils.TestContext.getLogger(TestContext.java:76)
at utils.TestContext.getLogger(TestContext.java:76)
at utils.TestContext.getLogger(TestContext.java:76)
at utils.TestContext.getLogger(TestContext.java:76)
at utils.TestContext.getLogger(TestContext.java:76)
at utils.TestContext.getLogger(TestContext.java:76)
at utils.TestContext.getLogger(TestContext.java:76)
at utils.TestContext.getLogger(TestContext.java:76)
at utils.TestContext.getLogger(TestContext.java:76)
at utils.TestContext.getLogger(TestContext.java:76)
at utils.TestContext.getLogger(TestContext.java:76)
at utils.TestContext.getLogger(TestContext.java:76)
at utils.TestContext.getLogger(TestContext.java:76)
at utils.TestContext.getLogger(TestContext.java:76)
at utils.TestContext.getLogger(TestContext.java:76)
at utils.TestContext.getLogger(TestContext.java:76)
at utils.TestContext.getLogger(TestContext.java:76)
at utils.TestContext.getLogger(TestContext.java:76)
at utils.TestContext.getLogger(TestContext.java:76)
at utils.TestContext.getLogger(TestContext.java:76)
at utils.TestContext.getLogger(TestContext.java:76)
at utils.TestContext.getLogger(TestContext.java:76)
at utils.TestContext.getLogger(TestContext.java:76)
at utils.TestContext.getLogger(TestContext.java:76)
at utils.TestContext.getLogger(TestContext.java:76)
at utils.TestContext.getLogger(TestContext.java:76)
at utils.TestContext.getLogger(TestContext.java:76)
at utils.TestContext.getLogger(TestContext.java:76)
at utils.TestContext.getLogger(TestContext.java:76)
at utils.TestContext.getLogger(TestContext.java:76)
at utils.TestContext.getLogger(TestContext.java:76)
at utils.TestContext.getLogger(TestContext.java:76)
at utils.TestContext.getLogger(TestContext.java:76)
at utils.TestContext.getLogger(TestContext.java:76)
at utils.TestContext.getLogger(TestContext.java:76)
at utils.TestContext.getLogger(TestContext.java:76)
at utils.TestContext.getLogger(TestContext.java:76)
at utils.TestContext.getLogger(TestContext.java:76)
at utils.TestContext.getLogger(TestContext.java:76)
at utils.TestContext.getLogger(TestContext.java:76)
at utils.TestContext.getLogger(TestContext.java:76)
at utils.TestContext.getLogger(TestContext.java:76)
at utils.TestContext.getLogger(TestContext.java:76)
at utils.TestContext.getLogger(TestContext.java:76)
at utils.TestContext.getLogger(TestContext.java:76)
at utils.TestContext.getLogger(TestContext.java:76)
at utils.TestContext.getLogger(TestContext.java:76)
at utils.TestContext.getLogger(TestContext.java:76)
at utils.TestContext.getLogger(TestContext.java:76)
at utils.TestContext.getLogger(TestContext.java:76)
at utils.TestContext.getLogger(TestContext.java:76)
at utils.TestContext.getLogger(TestContext.java:76)
at utils.TestContext.getLogger(TestContext.java:76)
at utils.TestContext.getLogger(TestContext.java:76)
at utils.TestContext.getLogger(TestContext.java:76)
at utils.TestContext.getLogger(TestContext.java:76)
at utils.TestContext.getLogger(TestContext.java:76)
at utils.TestContext.getLogger(TestContext.java:76)
at utils.TestContext.getLogger(TestContext.java:76)
at utils.TestContext.getLogger(TestContext.java:76)
at utils.TestContext.getLogger(TestContext.java:76)
at utils.TestContext.getLogger(TestContext.java:76)
at utils.TestContext.getLogger(TestContext.java:76)
at utils.TestContext.getLogger(TestContext.java:76)
at utils.TestContext.getLogger(TestContext.java:76)
at utils.TestContext.getLogger(TestContext.java:76)
at utils.TestContext.getLogger(TestContext.java:76)
at utils.TestContext.getLogger(TestContext.java:76)
at utils.TestContext.getLogger(TestContext.java:76)
at utils.TestContext.getLogger(TestContext.java:76)
at utils.TestContext.getLogger(TestContext.java:76)
at utils.TestContext.getLogger(TestContext.java:76)
at utils.TestContext.getLogger(TestContext.java:76)
at utils.TestContext.getLogger(TestContext.java:76)
at utils.TestContext.getLogger(TestContext.java:76)
at utils.TestContext.getLogger(TestContext.java:76)
at utils.TestContext.getLogger(TestContext.java:76)
at utils.TestContext.getLogger(TestContext.java:76)
at utils.TestContext.getLogger(TestContext.java:76)
at utils.TestContext.getLogger(TestContext.java:76)
at utils.TestContext.getLogger(TestContext.java:76)
at utils.TestContext.getLogger(TestContext.java:76)
at utils.TestContext.getLogger(TestContext.java:76)
at utils.TestContext.getLogger(TestContext.java:76)
at utils.TestContext.getLogger(TestContext.java:76)
at utils.TestContext.getLogger(TestContext.java:76)
at utils.TestContext.getLogger(TestContext.java:76)
at utils.TestContext.getLogger(TestContext.java:76)
at utils.TestContext.getLogger(TestContext.java:76)
at utils.TestContext.getLogger(TestContext.java:76)
at utils.TestContext.getLogger(TestContext.java:76)
at utils.TestContext.getLogger(TestContext.java:76)
at utils.TestContext.getLogger(TestContext.java:76)
at utils.TestContext.getLogger(TestContext.java:76)
at utils.TestContext.getLogger(TestContext.java:76)
at utils.TestContext.getLogger(TestContext.java:76)
at utils.TestContext.getLogger(TestContext.java:76)
at utils.TestContext.getLogger(TestContext.java:76)
at utils.TestContext.getLogger(TestContext.java:76)
at utils.TestContext.getLogger(TestContext.java:76)
at utils.TestContext.getLogger(TestContext.java:76)
at utils.TestContext.getLogger(TestContext.java:76)
at utils.TestContext.getLogger(TestContext.java:76)
at utils.TestContext.getLogger(TestContext.java:76)
at utils.TestContext.getLogger(TestContext.java:76)
at utils.TestContext.getLogger(TestContext.java:76)
at utils.TestContext.getLogger(TestContext.java:76)
at utils.TestContext.getLogger(TestContext.java:76)
at utils.TestContext.getLogger(TestContext.java:76)
at utils.TestContext.getLogger(TestContext.java:76)
at utils.TestContext.getLogger(TestContext.java:76)
at utils.TestContext.getLogger(TestContext.java:76)
at utils.TestContext.getLogger(TestContext.java:76)
at utils.TestContext.getLogger(TestContext.java:76)
at utils.TestContext.getLogger(TestContext.java:76)
at utils.TestContext.getLogger(TestContext.java:76)
at utils.TestContext.getLogger(TestContext.java:76)
at utils.TestContext.getLogger(TestContext.java:76)
at utils.TestContext.getLogger(TestContext.java:76)
at utils.TestContext.getLogger(TestContext.java:76)
at utils.TestContext.getLogger(TestContext.java:76)
at utils.TestContext.getLogger(TestContext.java:76)
at utils.TestContext.getLogger(TestContext.java:76)
at utils.TestContext.getLogger(TestContext.java:76)
at utils.TestContext.getLogger(TestContext.java:76)
at utils.TestContext.getLogger(TestContext.java:76)
at utils.TestContext.getLogger(TestContext.java:76)
at utils.TestContext.getLogger(TestContext.java:76)
at utils.TestContext.getLogger(TestContext.java:76)
at utils.TestContext.getLogger(TestContext.java:76)
at utils.TestContext.getLogger(TestContext.java:76)
at utils.TestContext.getLogger(TestContext.java:76)
at utils.TestContext.getLogger(TestContext.java:76)
at utils.TestContext.getLogger(TestContext.java:76)
at utils.TestContext.getLogger(TestContext.java:76)
at utils.TestContext.getLogger(TestContext.java:76)
at utils.TestContext.getLogger(TestContext.java:76)
at utils.TestContext.getLogger(TestContext.java:76)
at utils.TestContext.getLogger(TestContext.java:76)
at utils.TestContext.getLogger(TestContext.java:76)
at utils.TestContext.getLogger(TestContext.java:76)
at utils.TestContext.getLogger(TestContext.java:76)
at utils.TestContext.getLogger(TestContext.java:76)
at utils.TestContext.getLogger(TestContext.java:76)
at utils.TestContext.getLogger(TestContext.java:76)
at utils.TestContext.getLogger(TestContext.java:76)
at utils.TestContext.getLogger(TestContext.java:76)
at utils.TestContext.getLogger(TestContext.java:76)
at utils.TestContext.getLogger(TestContext.java:76)
at utils.TestContext.getLogger(TestContext.java:76)
at utils.TestContext.getLogger(TestContext.java:76)
at utils.TestContext.getLogger(TestContext.java:76)
at utils.TestContext.getLogger(TestContext.java:76)
at utils.TestContext.getLogger(TestContext.java:76)
at utils.TestContext.getLogger(TestContext.java:76)
at utils.TestContext.getLogger(TestContext.java:76)
at utils.TestContext.getLogger(TestContext.java:76)
at utils.TestContext.getLogger(TestContext.java:76)
at utils.TestContext.getLogger(TestContext.java:76)
at utils.TestContext.getLogger(TestContext.java:76)
at utils.TestContext.getLogger(TestContext.java:76)
at utils.TestContext.getLogger(TestContext.java:76)
at utils.TestContext.getLogger(TestContext.java:76)
at utils.TestContext.getLogger(TestContext.java:76)
at utils.TestContext.getLogger(TestContext.java:76)
at utils.TestContext.getLogger(TestContext.java:76)
at utils.TestContext.getLogger(TestContext.java:76)
at utils.TestContext.getLogger(TestContext.java:76)
at utils.TestContext.getLogger(TestContext.java:76)
at utils.TestContext.getLogger(TestContext.java:76)
at utils.TestContext.getLogger(TestContext.java:76)
at utils.TestContext.getLogger(TestContext.java:76)
at utils.TestContext.getLogger(TestContext.java:76)
at utils.TestContext.getLogger(TestContext.java:76)
at utils.TestContext.getLogger(TestContext.java:76)
at utils.TestContext.getLogger(TestContext.java:76)
at utils.TestContext.getLogger(TestContext.java:76)
at utils.TestContext.getLogger(TestContext.java:76)
at utils.TestContext.getLogger(TestContext.java:76)
at utils.TestContext.getLogger(TestContext.java:76)
at utils.TestContext.getLogger(TestContext.java:76)
at utils.TestContext.getLogger(TestContext.java:76)
at utils.TestContext.getLogger(TestContext.java:76)
at utils.TestContext.getLogger(TestContext.java:76)
at utils.TestContext.getLogger(TestContext.java:76)
at utils.TestContext.getLogger(TestContext.java:76)
at utils.TestContext.getLogger(TestContext.java:76)
at utils.TestContext.getLogger(TestContext.java:76)
at utils.TestContext.getLogger(TestContext.java:76)
at utils.TestContext.getLogger(TestContext.java:76)
at utils.TestContext.getLogger(TestContext.java:76)
at utils.TestContext.getLogger(TestContext.java:76)
at utils.TestContext.getLogger(TestContext.java:76)
at utils.TestContext.getLogger(TestContext.java:76)
at utils.TestContext.getLogger(TestContext.java:76)
at utils.TestContext.getLogger(TestContext.java:76)
at utils.TestContext.getLogger(TestContext.java:76)
at utils.TestContext.getLogger(TestContext.java:76)
at utils.TestContext.getLogger(TestContext.java:76)
at utils.TestContext.getLogger(TestContext.java:76)
at utils.TestContext.getLogger(TestContext.java:76)
at utils.TestContext.getLogger(TestContext.java:76)
at utils.TestContext.getLogger(TestContext.java:76)
at utils.TestContext.getLogger(TestContext.java:76)
at utils.TestContext.getLogger(TestContext.java:76)
at utils.TestContext.getLogger(TestContext.java:76)
at utils.TestContext.getLogger(TestContext.java:76)
at utils.TestContext.getLogger(TestContext.java:76)
at utils.TestContext.getLogger(TestContext.java:76)
at utils.TestContext.getLogger(TestContext.java:76)
at utils.TestContext.getLogger(TestContext.java:76)
at utils.TestContext.getLogger(TestContext.java:76)
at utils.TestContext.getLogger(TestContext.java:76)
at utils.TestContext.getLogger(TestContext.java:76)
at utils.TestContext.getLogger(TestContext.java:76)
at utils.TestContext.getLogger(TestContext.java:76)
at utils.TestContext.getLogger(TestContext.java:76)
at utils.TestContext.getLogger(TestContext.java:76)
at utils.TestContext.getLogger(TestContext.java:76)
at utils.TestContext.getLogger(TestContext.java:76)
at utils.TestContext.getLogger(TestContext.java:76)
at utils.TestContext.getLogger(TestContext.java:76)
at utils.TestContext.getLogger(TestContext.java:76)
at utils.TestContext.getLogger(TestContext.java:76)
at utils.TestContext.getLogger(TestContext.java:76)
at utils.TestContext.getLogger(TestContext.java:76)
at utils.TestContext.getLogger(TestContext.java:76)
at utils.TestContext.getLogger(TestContext.java:76)
at utils.TestContext.getLogger(TestContext.java:76)
at utils.TestContext.getLogger(TestContext.java:76)
at utils.TestContext.getLogger(TestContext.java:76)
at utils.TestContext.getLogger(TestContext.java:76)
at utils.TestContext.getLogger(TestContext.java:76)
at utils.TestContext.getLogger(TestContext.java:76)
at utils.TestContext.getLogger(TestContext.java:76)
at utils.TestContext.getLogger(TestContext.java:76)
at utils.TestContext.getLogger(TestContext.java:76)
at utils.TestContext.getLogger(TestContext.java:76)
at utils.TestContext.getLogger(TestContext.java:76)
at utils.TestContext.getLogger(TestContext.java:76)
at utils.TestContext.getLogger(TestContext.java:76)
at utils.TestContext.getLogger(TestContext.java:76)
at utils.TestContext.getLogger(TestContext.java:76)
at utils.TestContext.getLogger(TestContext.java:76)
at utils.TestContext.getLogger(TestContext.java:76)
at utils.TestContext.getLogger(TestContext.java:76)
at utils.TestContext.getLogger(TestContext.java:76)
at utils.TestContext.getLogger(TestContext.java:76)
at utils.TestContext.getLogger(TestContext.java:76)
at utils.TestContext.getLogger(TestContext.java:76)
at utils.TestContext.getLogger(TestContext.java:76)
at utils.TestContext.getLogger(TestContext.java:76)
at utils.TestContext.getLogger(TestContext.java:76)
at utils.TestContext.getLogger(TestContext.java:76)
at utils.TestContext.getLogger(TestContext.java:76)
at utils.TestContext.getLogger(TestContext.java:76)
at utils.TestContext.getLogger(TestContext.java:76)
at utils.TestContext.getLogger(TestContext.java:76)
at utils.TestContext.getLogger(TestContext.java:76)
at utils.TestContext.getLogger(TestContext.java:76)
at utils.TestContext.getLogger(TestContext.java:76)
at utils.TestContext.getLogger(TestContext.java:76)
at utils.TestContext.getLogger(TestContext.java:76)
at utils.TestContext.getLogger(TestContext.java:76)
at utils.TestContext.getLogger(TestContext.java:76)
at utils.TestContext.getLogger(TestContext.java:76)
at utils.TestContext.getLogger(TestContext.java:76)
at utils.TestContext.getLogger(TestContext.java:76)
at utils.TestContext.getLogger(TestContext.java:76)
at utils.TestContext.getLogger(TestContext.java:76)
at utils.TestContext.getLogger(TestContext.java:76)
at utils.TestContext.getLogger(TestContext.java:76)
at utils.TestContext.getLogger(TestContext.java:76)
at utils.TestContext.getLogger(TestContext.java:76)
at utils.TestContext.getLogger(TestContext.java:76)
at utils.TestContext.getLogger(TestContext.java:76)
at utils.TestContext.getLogger(TestContext.java:76)
at utils.TestContext.getLogger(TestContext.java:76)
at utils.TestContext.getLogger(TestContext.java:76)
at utils.TestContext.getLogger(TestContext.java:76)
at utils.TestContext.getLogger(TestContext.java:76)
at utils.TestContext.getLogger(TestContext.java:76)
at utils.TestContext.getLogger(TestContext.java:76)
at utils.TestContext.getLogger(TestContext.java:76)
at utils.TestContext.getLogger(TestContext.java:76)
at utils.TestContext.getLogger(TestContext.java:76)
at utils.TestContext.getLogger(TestContext.java:76)
at utils.TestContext.getLogger(TestContext.java:76)
at utils.TestContext.getLogger(TestContext.java:76)
at utils.TestContext.getLogger(TestContext.java:76)
at utils.TestContext.getLogger(TestContext.java:76)
at utils.TestContext.getLogger(TestContext.java:76)
at utils.TestContext.getLogger(TestContext.java:76)
at utils.TestContext.getLogger(TestContext.java:76)
at utils.TestContext.getLogger(TestContext.java:76)
at utils.TestContext.getLogger(TestContext.java:76)
at utils.TestContext.getLogger(TestContext.java:76)
at utils.TestContext.getLogger(TestContext.java:76)
at utils.TestContext.getLogger(TestContext.java:76)
at utils.TestContext.getLogger(TestContext.java:76)
at utils.TestContext.getLogger(TestContext.java:76)
at utils.TestContext.getLogger(TestContext.java:76)
at utils.TestContext.getLogger(TestContext.java:76)
at utils.TestContext.getLogger(TestContext.java:76)
at utils.TestContext.getLogger(TestContext.java:76)
at utils.TestContext.getLogger(TestContext.java:76)
at utils.TestContext.getLogger(TestContext.java:76)
at utils.TestContext.getLogger(TestContext.java:76)
at utils.TestContext.getLogger(TestContext.java:76)
at utils.TestContext.getLogger(TestContext.java:76)
at utils.TestContext.getLogger(TestContext.java:76)
at utils.TestContext.getLogger(TestContext.java:76)
at utils.TestContext.getLogger(TestContext.java:76)
at utils.TestContext.getLogger(TestContext.java:76)
at utils.TestContext.getLogger(TestContext.java:76)
at utils.TestContext.getLogger(TestContext.java:76)
at utils.TestContext.getLogger(TestContext.java:76)
at utils.TestContext.getLogger(TestContext.java:76)
at utils.TestContext.getLogger(TestContext.java:76)
at utils.TestContext.getLogger(TestContext.java:76)
at utils.TestContext.getLogger(TestContext.java:76)
at utils.TestContext.getLogger(TestContext.java:76)
at utils.TestContext.getLogger(TestContext.java:76)
at utils.TestContext.getLogger(TestContext.java:76)
at utils.TestContext.getLogger(TestContext.java:76)
at utils.TestContext.getLogger(TestContext.java:76)
at utils.TestContext.getLogger(TestContext.java:76)
at utils.TestContext.getLogger(TestContext.java:76)
at utils.TestContext.getLogger(TestContext.java:76)
at utils.TestContext.getLogger(TestContext.java:76)
at utils.TestContext.getLogger(TestContext.java:76)
at utils.TestContext.getLogger(TestContext.java:76)
at utils.TestContext.getLogger(TestContext.java:76)
at utils.TestContext.getLogger(TestContext.java:76)
at utils.TestContext.getLogger(TestContext.java:76)
at utils.TestContext.getLogger(TestContext.java:76)
at utils.TestContext.getLogger(TestContext.java:76)
at utils.TestContext.getLogger(TestContext.java:76)
at utils.TestContext.getLogger(TestContext.java:76)
at utils.TestContext.getLogger(TestContext.java:76)
at utils.TestContext.getLogger(TestContext.java:76)
at utils.TestContext.getLogger(TestContext.java:76)
at utils.TestContext.getLogger(TestContext.java:76)
at utils.TestContext.getLogger(TestContext.java:76)
at utils.TestContext.getLogger(TestContext.java:76)
at utils.TestContext.getLogger(TestContext.java:76)
at utils.TestContext.getLogger(TestContext.java:76)
at utils.TestContext.getLogger(TestContext.java:76)
at utils.TestContext.getLogger(TestContext.java:76)
at utils.TestContext.getLogger(TestContext.java:76)
at utils.TestContext.getLogger(TestContext.java:76)
at utils.TestContext.getLogger(TestContext.java:76)
at utils.TestContext.getLogger(TestContext.java:76)
at utils.TestContext.getLogger(TestContext.java:76)
at utils.TestContext.getLogger(TestContext.java:76)
at utils.TestContext.getLogger(TestContext.java:76)
at utils.TestContext.getLogger(TestContext.java:76)
at utils.TestContext.getLogger(TestContext.java:76)
at utils.TestContext.getLogger(TestContext.java:76)
at utils.TestContext.getLogger(TestContext.java:76)
at utils.TestContext.getLogger(TestContext.java:76)
at utils.TestContext.getLogger(TestContext.java:76)
at utils.TestContext.getLogger(TestContext.java:76)
at utils.TestContext.getLogger(TestContext.java:76)
at utils.TestContext.getLogger(TestContext.java:76)
at utils.TestContext.getLogger(TestContext.java:76)
at utils.TestContext.getLogger(TestContext.java:76)
at utils.TestContext.getLogger(TestContext.java:76)
at utils.TestContext.getLogger(TestContext.java:76)
at utils.TestContext.getLogger(TestContext.java:76)
at utils.TestContext.getLogger(TestContext.java:76)
at utils.TestContext.getLogger(TestContext.java:76)
at utils.TestContext.getLogger(TestContext.java:76)
at utils.TestContext.getLogger(TestContext.java:76)
at utils.TestContext.getLogger(TestContext.java:76)
at utils.TestContext.getLogger(TestContext.java:76)
at utils.TestContext.getLogger(TestContext.java:76)
at utils.TestContext.getLogger(TestContext.java:76)
at utils.TestContext.getLogger(TestContext.java:76)
at utils.TestContext.getLogger(TestContext.java:76)
at utils.TestContext.getLogger(TestContext.java:76)
at utils.TestContext.getLogger(TestContext.java:76)
at utils.TestContext.getLogger(TestContext.java:76)
at utils.TestContext.getLogger(TestContext.java:76)
at utils.TestContext.getLogger(TestContext.java:76)
at utils.TestContext.getLogger(TestContext.java:76)
at utils.TestContext.getLogger(TestContext.java:76)
at utils.TestContext.getLogger(TestContext.java:76)
at utils.TestContext.getLogger(TestContext.java:76)
at utils.TestContext.getLogger(TestContext.java:76)
at utils.TestContext.getLogger(TestContext.java:76)
at utils.TestContext.getLogger(TestContext.java:76)
at utils.TestContext.getLogger(TestContext.java:76)
at utils.TestContext.getLogger(TestContext.java:76)
at utils.TestContext.getLogger(TestContext.java:76)
at utils.TestContext.getLogger(TestContext.java:76)
at utils.TestContext.getLogger(TestContext.java:76)
at utils.TestContext.getLogger(TestContext.java:76)
at utils.TestContext.getLogger(TestContext.java:76)
at utils.TestContext.getLogger(TestContext.java:76)
at utils.TestContext.getLogger(TestContext.java:76)
at utils.TestContext.getLogger(TestContext.java:76)
]]>
    </error>
  </testcase> <!-- validateArticels -->
  <system-out/>
</testsuite> <!-- testPackage.TC_003_ArticelsPage -->
